2019-10-24 10:03:56: Loading data from plugins/stockpile/data
2019-10-24 10:03:56: Loaded 1 planners
2019-10-24 10:03:56: Loading data from data
2019-10-24 10:03:56: Loaded 1 planners
2019-10-24 10:04:06: Loading data from plugins/stockpile/data
2019-10-24 10:04:07: Loaded 1 planners
2019-10-24 10:04:07: Loading data from data
2019-10-24 10:04:07: Loaded 1 planners
2019-10-24 10:51:23: Loading data from plugins/stockpile/data
2019-10-24 10:51:23: Loaded 1 planners
2019-10-24 10:51:23: Loading data from data
2019-10-24 10:51:23: Loaded 1 planners
2019-10-24 10:53:44: Loading data from plugins/stockpile/data
2019-10-24 10:53:44: Loaded 1 planners
2019-10-24 10:53:44: Loading data from data
2019-10-24 10:53:44: Loaded 1 planners
2019-10-24 11:02:15: Loading data from plugins/stockpile/data
2019-10-24 11:02:16: Loaded 1 planners
2019-10-24 11:02:16: Loading data from data
2019-10-24 11:02:16: Loaded 1 planners
2019-10-24 11:24:18: Loading data from plugins/stockpile/data
2019-10-24 11:24:19: Loaded 1 planners
2019-10-24 11:24:19: Loading data from data
2019-10-24 11:24:19: Loaded 1 planners
2019-10-24 11:28:18: Loading data from plugins/stockpile/data
2019-10-24 11:28:18: Loaded 1 planners
2019-10-24 11:28:18: Loading data from data
2019-10-24 11:28:18: Loaded 1 planners
2019-10-24 11:44:16: Loading data from plugins/stockpile/data
2019-10-24 11:44:16: Loaded 1 planners
2019-10-24 11:44:16: Loading data from data
2019-10-24 11:44:16: Loaded 1 planners
2019-10-24 11:50:01: Loading data from plugins/stockpile/data
2019-10-24 11:50:01: Loaded 1 planners
2019-10-24 11:50:01: Loading data from data
2019-10-24 11:50:01: Loaded 1 planners
2019-10-24 11:53:05: Loading data from plugins/stockpile/data
2019-10-24 11:53:05: Loaded 1 planners
2019-10-24 11:53:05: Loading data from data
2019-10-24 11:53:05: Loaded 1 planners
2019-10-24 11:57:28: Loading data from plugins/stockpile/data
2019-10-24 11:57:28: Loaded 1 planners
2019-10-24 11:57:28: Loading data from data
2019-10-24 11:57:28: Loaded 1 planners
2019-10-24 12:15:46: Loading data from plugins/stockpile/data
2019-10-24 12:15:47: Loaded 1 planners
2019-10-24 12:15:47: Loading data from data
2019-10-24 12:15:47: Loaded 1 planners
2019-10-24 12:41:05: Loading data from plugins/stockpile/data
2019-10-24 12:41:43: Loading data from plugins/stockpile/data
2019-10-24 12:41:44: Loaded 1 planners
2019-10-24 12:41:44: Loading data from plugins/terminal/data
2019-10-24 12:41:44: Loaded 1 planners
2019-10-24 12:45:24: Loading data from plugins/stockpile/data
2019-10-24 12:45:25: Loaded 1 planners
2019-10-24 12:45:25: Loading data from plugins/terminal/data
2019-10-24 12:45:25: Loaded 1 planners
2019-10-24 12:49:54: Loading data from plugins/stockpile/data
2019-10-24 12:49:55: Loaded 1 planners
2019-10-24 12:49:55: Loading data from plugins/terminal/data
2019-10-24 12:49:55: Loaded 1 planners
2019-10-24 14:07:18: Loading data from plugins/stockpile/data
2019-10-24 14:07:18: Loaded 1 planners
2019-10-24 14:07:18: Loading data from plugins/terminal/data
2019-10-24 14:07:18: Loaded 1 planners
2019-10-24 14:28:33: Loading data from plugins/stockpile/data
2019-10-24 14:28:33: Loaded 1 planners
2019-10-24 14:28:33: Loading data from plugins/terminal/data
2019-10-24 14:28:33: Loaded 1 planners
2019-10-24 14:48:07: Loading data from plugins/stockpile/data
2019-10-24 14:48:07: Loaded 1 planners
2019-10-24 14:48:07: Loading data from plugins/terminal/data
2019-10-24 14:48:07: Loaded 1 planners
2019-10-24 14:53:48: Loading data from plugins/stockpile/data
2019-10-24 14:53:48: Loaded 1 planners
2019-10-24 14:53:48: Loading data from plugins/terminal/data
2019-10-24 14:53:48: Loaded 1 planners
2019-10-24 14:59:47: Loading data from plugins/stockpile/data
2019-10-24 14:59:47: Loaded 1 planners
2019-10-24 14:59:47: Loading data from plugins/terminal/data
2019-10-24 14:59:47: Loaded 1 planners
2019-10-24 15:19:36: Loading data from plugins/stockpile/data
2019-10-24 15:19:36: Loaded 1 planners
2019-10-24 15:19:36: Loading data from plugins/terminal/data
2019-10-24 15:19:36: Loaded 1 planners
2019-10-24 15:19:42: Loading data from plugins/stockpile/data
2019-10-24 15:19:42: Loaded 1 planners
2019-10-24 15:19:42: Loading data from plugins/terminal/data
2019-10-24 15:19:42: Loaded 1 planners
2019-10-24 15:24:25: Loading data from plugins/stockpile/data
2019-10-24 15:24:25: Loaded 1 planners
2019-10-24 15:24:25: Loading data from plugins/terminal/data
2019-10-24 15:24:25: Loaded 1 planners
2019-10-24 15:26:11: Loading data from plugins/stockpile/data
2019-10-24 15:26:11: Loaded 1 planners
2019-10-24 15:26:11: Loading data from plugins/terminal/data
2019-10-24 15:26:11: Loaded 1 planners
2019-10-24 15:29:37: Loading data from plugins/stockpile/data
2019-10-24 15:29:37: Loaded 1 planners
2019-10-24 15:29:37: Loading data from plugins/terminal/data
2019-10-24 15:29:37: Loaded 1 planners
2019-10-24 15:33:30: Loading data from plugins/stockpile/data
2019-10-24 15:33:31: Loaded 1 planners
2019-10-24 15:33:31: Loading data from plugins/terminal/data
2019-10-24 15:33:31: Loaded 1 planners
2019-10-24 15:52:57: Loading data from plugins/stockpile/data
2019-10-24 15:52:58: Loaded 1 planners
2019-10-24 15:52:58: Loading data from plugins/terminal/data
2019-10-24 15:52:58: Loaded 1 planners
2019-10-24 16:05:14: Loading data from plugins/stockpile/data
2019-10-24 16:05:15: Loaded 1 planners
2019-10-24 16:05:15: Loading data from plugins/terminal/data
2019-10-24 16:05:15: Loaded 1 planners
2019-10-24 16:08:16: Loading data from plugins/stockpile/data
2019-10-24 16:08:17: Loaded 1 planners
2019-10-24 16:08:17: Loading data from plugins/terminal/data
2019-10-24 16:08:17: Loaded 1 planners
2019-10-24 16:23:55: Loading data from plugins/stockpile/data
2019-10-24 16:23:55: Loaded 1 planners
2019-10-24 16:23:55: Loading data from plugins/terminal/data
2019-10-24 16:23:55: Loaded 1 planners
2019-10-24 16:31:56: Loading data from plugins/stockpile/data
2019-10-24 16:31:56: Loaded 1 planners
2019-10-24 16:31:56: Loading data from plugins/terminal/data
2019-10-24 16:31:56: Loaded 1 planners
2019-10-24 16:34:42: Loading data from plugins/stockpile/data
2019-10-24 16:34:42: Loaded 1 planners
2019-10-24 16:34:42: Loading data from plugins/terminal/data
2019-10-24 16:34:42: Loaded 1 planners
2019-10-24 16:37:02: Loading data from plugins/stockpile/data
2019-10-24 16:37:02: Loaded 1 planners
2019-10-24 16:37:02: Loading data from plugins/terminal/data
2019-10-24 16:37:02: Loaded 1 planners
2019-10-24 16:40:26: Loading data from plugins/stockpile/data
2019-10-24 16:40:26: Loaded 1 planners
2019-10-24 16:40:26: Loading data from plugins/terminal/data
2019-10-24 16:40:26: Loaded 1 planners
2019-10-24 16:44:36: Loading data from plugins/stockpile/data
2019-10-24 16:44:36: Loaded 1 planners
2019-10-24 16:44:36: Loading data from plugins/terminal/data
2019-10-24 16:44:36: Loaded 1 planners
2019-10-24 16:48:28: Loading data from plugins/stockpile/data
2019-10-24 16:48:28: Loaded 1 planners
2019-10-24 16:48:28: Loading data from plugins/terminal/data
2019-10-24 16:48:28: Loaded 1 planners
2019-10-24 16:50:44: Loading data from plugins/stockpile/data
2019-10-24 16:50:45: Loaded 1 planners
2019-10-24 16:50:45: Loading data from plugins/terminal/data
2019-10-24 16:50:45: Loaded 1 planners
2019-10-24 16:56:31: Loading data from plugins/stockpile/data
2019-10-24 16:56:31: Loaded 1 planners
2019-10-24 16:56:31: Loading data from plugins/terminal/data
2019-10-24 16:56:31: Loaded 1 planners
2019-10-24 16:57:36: Loading data from plugins/stockpile/data
2019-10-24 16:57:36: Loaded 1 planners
2019-10-24 16:57:36: Loading data from plugins/terminal/data
2019-10-24 16:57:37: Loaded 1 planners
2019-10-24 16:59:46: Loading data from plugins/stockpile/data
2019-10-24 16:59:46: Loaded 1 planners
2019-10-24 16:59:46: Loading data from plugins/terminal/data
2019-10-24 16:59:46: Loaded 1 planners
2019-10-24 17:03:28: Loading data from plugins/stockpile/data
2019-10-24 17:03:29: Loaded 1 planners
2019-10-24 17:03:29: Loading data from plugins/terminal/data
2019-10-24 17:03:29: Loaded 1 planners
2019-10-24 17:07:21: Loading data from plugins/stockpile/data
2019-10-24 17:07:21: Loaded 1 planners
2019-10-24 17:07:21: Loading data from plugins/terminal/data
2019-10-24 17:07:21: Loaded 1 planners
2019-10-24 17:09:58: Loading data from plugins/stockpile/data
2019-10-24 17:09:58: Loaded 1 planners
2019-10-24 17:09:58: Loading data from plugins/terminal/data
2019-10-24 17:09:58: Loaded 1 planners
2019-10-24 17:15:40: Loading data from plugins/stockpile/data
2019-10-24 17:15:41: Loaded 1 planners
2019-10-24 17:15:41: Loading data from plugins/terminal/data
2019-10-24 17:15:41: Loaded 1 planners
2019-10-24 17:34:31: Loading data from plugins/stockpile/data
2019-10-24 17:34:32: Loaded 1 planners
2019-10-24 17:34:32: Loading data from plugins/terminal/data
2019-10-24 17:34:32: Loaded 1 planners
2019-10-25 10:01:42: Loading data from plugins/stockpile/data
2019-10-25 10:01:42: Loaded 1 planners
2019-10-25 10:01:42: Loading data from plugins/terminal/data
2019-10-25 10:01:42: Loaded 1 planners
2019-10-25 10:15:38: Loading data from plugins/stockpile/data
2019-10-25 10:15:38: Loaded 1 planners
2019-10-25 10:15:38: Loading data from plugins/terminal/data
2019-10-25 10:15:38: Loaded 1 planners
2019-10-25 10:23:08: Loading data from plugins/stockpile/data
2019-10-25 10:23:08: Loaded 1 planners
2019-10-25 10:23:08: Loading data from plugins/terminal/data
2019-10-25 10:23:08: Loaded 1 planners
2019-10-25 10:34:24: Loading data from plugins/stockpile/data
2019-10-25 10:34:25: Loaded 1 planners
2019-10-25 10:34:25: Loading data from plugins/terminal/data
2019-10-25 10:34:25: Loaded 1 planners
2019-10-25 10:48:35: Loading data from plugins/stockpile/data
2019-10-25 10:48:35: Loaded 1 planners
2019-10-25 10:48:35: Loading data from plugins/terminal/data
2019-10-25 10:48:35: Loaded 1 planners
2019-10-25 11:36:29: Loading data from plugins/stockpile/data
2019-10-25 11:36:29: Loaded 1 planners
2019-10-25 11:36:29: Loading data from plugins/terminal/data
2019-10-25 11:36:29: Loaded 1 planners
2019-10-25 12:06:55: Loading data from plugins/stockpile/data
2019-10-25 12:06:56: Loaded 1 planners
2019-10-25 12:06:56: Loading data from plugins/terminal/data
2019-10-25 12:06:56: Loaded 1 planners
2019-10-25 12:11:20: Loading data from plugins/stockpile/data
2019-10-25 12:11:21: Loaded 1 planners
2019-10-25 12:11:21: Loading data from plugins/terminal/data
2019-10-25 12:11:21: Loaded 1 planners
2019-10-25 12:15:01: Loading data from plugins/stockpile/data
2019-10-25 12:15:02: Loaded 1 planners
2019-10-25 12:15:02: Loading data from plugins/terminal/data
2019-10-25 12:15:02: Loaded 1 planners
2019-10-25 12:34:58: Loading data from plugins/stockpile/data
2019-10-25 12:34:58: Loaded 1 planners
2019-10-25 12:34:58: Loading data from plugins/terminal/data
2019-10-25 12:34:58: Loaded 1 planners
2019-10-25 12:39:31: Loading data from plugins/stockpile/data
2019-10-25 12:39:32: Loaded 1 planners
2019-10-25 12:39:32: Loading data from plugins/terminal/data
2019-10-25 12:39:32: Loaded 1 planners
2019-10-25 12:54:47: Loading data from plugins/stockpile/data
2019-10-25 12:54:47: Loaded 1 planners
2019-10-25 12:54:47: Loading data from plugins/terminal/data
2019-10-25 12:54:47: Loaded 1 planners
2019-10-25 13:01:06: Loading data from plugins/stockpile/data
2019-10-25 13:01:06: Loaded 1 planners
2019-10-25 13:01:06: Loading data from plugins/terminal/data
2019-10-25 13:01:06: Loaded 1 planners
2019-10-25 13:05:55: Loading data from plugins/stockpile/data
2019-10-25 13:05:55: Loaded 1 planners
2019-10-25 13:05:55: Loading data from plugins/terminal/data
2019-10-25 13:05:55: Loaded 1 planners
2019-10-25 14:10:14: Loading data from plugins/stockpile/data
2019-10-25 14:10:14: Loaded 1 planners
2019-10-25 14:10:14: Loading data from plugins/terminal/data
2019-10-25 14:10:14: Loaded 1 planners
2019-10-25 14:13:07: Loading data from plugins/stockpile/data
2019-10-25 14:13:07: Loaded 1 planners
2019-10-25 14:13:07: Loading data from plugins/terminal/data
2019-10-25 14:13:07: Loaded 1 planners
2019-10-25 14:16:47: Loading data from plugins/stockpile/data
2019-10-25 14:16:47: Loaded 1 planners
2019-10-25 14:16:47: Loading data from plugins/terminal/data
2019-10-25 14:16:47: Loaded 1 planners
2019-10-25 14:26:56: Loading data from plugins/stockpile/data
2019-10-25 14:26:56: Loaded 1 planners
2019-10-25 14:26:56: Loading data from plugins/terminal/data
2019-10-25 14:26:56: Loaded 1 planners
2019-10-25 14:40:04: Loading data from plugins/stockpile/data
2019-10-25 14:40:05: Loaded 1 planners
2019-10-25 14:40:05: Loading data from plugins/terminal/data
2019-10-25 14:40:05: Loaded 1 planners
2019-10-25 14:54:57: Loading data from plugins/stockpile/data
2019-10-25 14:54:58: Loaded 1 planners
2019-10-25 14:54:58: Loading data from plugins/terminal/data
2019-10-25 14:54:58: Loaded 1 planners
2019-10-28 09:40:45: Loading data from plugins/stockpile/data
2019-10-28 09:40:45: Loaded 1 planners
2019-10-28 09:40:45: Loading data from plugins/terminal/data
2019-10-28 09:40:45: Loaded 1 planners
2019-10-28 10:11:36: Loading data from plugins/stockpile/data
2019-10-28 10:11:37: Loaded 1 planners
2019-10-28 10:11:37: Loading data from plugins/terminal/data
2019-10-28 10:11:37: Loaded 1 planners
2019-10-28 10:40:45: Loading data from plugins/stockpile/data
2019-10-28 10:40:46: Loaded 1 planners
2019-10-28 10:40:46: Loading data from plugins/terminal/data
2019-10-28 10:40:46: Loaded 1 planners
2019-10-28 10:47:10: Loading data from plugins/stockpile/data
2019-10-28 10:47:10: Loaded 1 planners
2019-10-28 10:47:10: Loading data from plugins/terminal/data
2019-10-28 10:47:10: Loaded 1 planners
2019-10-28 11:04:24: Loading data from plugins/stockpile/data
2019-10-28 11:04:24: Loaded 1 planners
2019-10-28 11:04:24: Loading data from plugins/terminal/data
2019-10-28 11:04:24: Loaded 1 planners
2019-10-28 11:11:33: Loading data from plugins/stockpile/data
2019-10-28 11:11:33: Loaded 1 planners
2019-10-28 11:11:33: Loading data from plugins/terminal/data
2019-10-28 11:11:33: Loaded 1 planners
2019-10-28 11:16:11: Loading data from plugins/stockpile/data
2019-10-28 11:16:12: Loaded 1 planners
2019-10-28 11:16:12: Loading data from plugins/terminal/data
2019-10-28 11:16:12: Loaded 1 planners
2019-10-28 11:22:04: Loading data from plugins/stockpile/data
2019-10-28 11:22:31: Loading data from plugins/stockpile/data
2019-10-28 11:22:32: Loaded 1 planners
2019-10-28 11:22:32: Loading data from plugins/terminal/data
2019-10-28 11:22:32: Loaded 1 planners
2019-10-28 11:25:05: Loading data from plugins/stockpile/data
2019-10-28 11:25:06: Loaded 1 planners
2019-10-28 11:25:06: Loading data from plugins/terminal/data
2019-10-28 11:25:06: Loaded 1 planners
2019-10-28 11:28:27: Loading data from plugins/stockpile/data
2019-10-28 11:28:28: Loaded 1 planners
2019-10-28 11:28:28: Loading data from plugins/terminal/data
2019-10-28 11:28:28: Loaded 1 planners
2019-10-28 11:36:15: Loading data from plugins/stockpile/data
2019-10-28 11:36:15: Loaded 1 planners
2019-10-28 11:36:15: Loading data from plugins/terminal/data
2019-10-28 11:36:15: Loaded 1 planners
2019-10-28 11:39:11: Loading data from plugins/stockpile/data
2019-10-28 11:39:12: Loaded 1 planners
2019-10-28 11:39:12: Loading data from plugins/terminal/data
2019-10-28 11:39:12: Loaded 1 planners
2019-10-28 11:42:29: Loading data from plugins/stockpile/data
2019-10-28 11:42:30: Loaded 1 planners
2019-10-28 11:42:30: Loading data from plugins/terminal/data
2019-10-28 11:42:30: Loaded 1 planners
2019-10-28 11:48:49: Loading data from plugins/stockpile/data
2019-10-28 11:48:50: Loaded 1 planners
2019-10-28 11:48:50: Loading data from plugins/terminal/data
2019-10-28 11:48:50: Loaded 1 planners
2019-10-28 11:58:08: Loading data from plugins/stockpile/data
2019-10-28 11:58:08: Loaded 1 planners
2019-10-28 11:58:08: Loading data from plugins/terminal/data
2019-10-28 11:58:08: Loaded 1 planners
2019-10-28 12:16:58: Loading data from plugins/stockpile/data
2019-10-28 12:16:58: Loaded 1 planners
2019-10-28 12:16:58: Loading data from plugins/terminal/data
2019-10-28 12:16:58: Loaded 1 planners
2019-10-28 12:38:44: Loading data from plugins/stockpile/data
2019-10-28 12:38:45: Loaded 2 planners
2019-10-28 12:38:45: Loading data from plugins/terminal/data
2019-10-28 12:38:45: Loaded 2 planners
2019-10-28 12:44:54: Loading data from plugins/stockpile/data
2019-10-28 12:44:54: Loaded 2 planners
2019-10-28 12:44:54: Loading data from plugins/terminal/data
2019-10-28 12:44:54: Loaded 2 planners
2019-10-28 12:51:02: Loading data from plugins/stockpile/data
2019-10-28 12:51:02: Loaded 2 planners
2019-10-28 12:51:02: Loading data from plugins/terminal/data
2019-10-28 12:51:02: Loaded 2 planners
2019-10-28 12:55:58: Loading data from plugins/stockpile/data
2019-10-28 12:55:58: Loaded 2 planners
2019-10-28 12:55:58: Loading data from plugins/terminal/data
2019-10-28 12:55:58: Loaded 2 planners
2019-10-28 14:01:50: Loading data from plugins/stockpile/data
2019-10-28 14:01:50: Loaded 2 planners
2019-10-28 14:01:50: Loading data from plugins/terminal/data
2019-10-28 14:01:50: Loaded 2 planners
2019-10-28 14:38:20: Loading data from plugins/stockpile/data
2019-10-28 14:38:21: Loaded 2 planners
2019-10-28 14:38:21: Loading data from plugins/terminal/data
2019-10-28 14:38:21: Loaded 2 planners
2019-10-28 14:48:32: Loading data from plugins/stockpile/data
2019-10-28 14:48:33: Loaded 2 planners
2019-10-28 14:48:33: Loading data from plugins/terminal/data
2019-10-28 14:48:33: Loaded 2 planners
2019-10-28 14:55:06: Loading data from plugins/stockpile/data
2019-10-28 14:55:06: Loaded 2 planners
2019-10-28 14:55:06: Loading data from plugins/terminal/data
2019-10-28 14:55:06: Loaded 2 planners
2019-10-28 14:56:39: Loading data from plugins/stockpile/data
2019-10-28 14:56:39: Loaded 2 planners
2019-10-28 14:56:39: Loading data from plugins/terminal/data
2019-10-28 14:56:39: Loaded 2 planners
2019-10-28 14:58:07: Loading data from plugins/stockpile/data
2019-10-28 14:58:08: Loaded 2 planners
2019-10-28 14:58:08: Loading data from plugins/terminal/data
2019-10-28 14:58:08: Loaded 2 planners
2019-10-28 15:00:39: Loading data from plugins/stockpile/data
2019-10-28 15:00:40: Loaded 2 planners
2019-10-28 15:00:40: Loading data from plugins/terminal/data
2019-10-28 15:00:40: Loaded 2 planners
2019-10-28 15:04:58: Loading data from plugins/stockpile/data
2019-10-28 15:04:58: Loaded 2 planners
2019-10-28 15:04:58: Loading data from plugins/terminal/data
2019-10-28 15:04:58: Loaded 2 planners
2019-10-28 15:06:46: Loading data from plugins/stockpile/data
2019-10-28 15:06:46: Loaded 2 planners
2019-10-28 15:06:46: Loading data from plugins/terminal/data
2019-10-28 15:06:46: Loaded 2 planners
2019-10-28 15:12:47: Loading data from plugins/stockpile/data
2019-10-28 15:12:47: Loaded 2 planners
2019-10-28 15:12:47: Loading data from plugins/terminal/data
2019-10-28 15:12:47: Loaded 2 planners
2019-10-28 15:20:15: Loading data from plugins/stockpile/data
2019-10-28 15:20:15: Loaded 2 planners
2019-10-28 15:20:15: Loading data from plugins/terminal/data
2019-10-28 15:20:15: Loaded 2 planners
2019-10-28 15:24:17: Loading data from plugins/stockpile/data
2019-10-28 15:24:18: Loaded 2 planners
2019-10-28 15:24:18: Loading data from plugins/terminal/data
2019-10-28 15:24:18: Loaded 2 planners
2019-10-28 15:35:11: Loading data from plugins/stockpile/data
2019-10-28 15:35:12: Loaded 2 planners
2019-10-28 15:35:12: Loading data from plugins/terminal/data
2019-10-28 15:35:12: Loaded 2 planners
2019-10-28 15:57:26: Loading data from plugins/stockpile/data
2019-10-28 15:57:26: Loaded 2 planners
2019-10-28 15:57:26: Loading data from plugins/terminal/data
2019-10-28 15:57:26: Loaded 2 planners
2019-10-28 16:00:06: Loading data from plugins/stockpile/data
2019-10-28 16:00:07: Loaded 2 planners
2019-10-28 16:00:07: Loading data from plugins/terminal/data
2019-10-28 16:00:07: Loaded 2 planners
2019-10-28 16:04:05: Loading data from plugins/stockpile/data
2019-10-28 16:04:05: Loaded 2 planners
2019-10-28 16:04:05: Loading data from plugins/terminal/data
2019-10-28 16:04:05: Loaded 2 planners
2019-10-28 16:09:09: Loading data from plugins/stockpile/data
2019-10-28 16:09:09: Loaded 2 planners
2019-10-28 16:09:09: Loading data from plugins/terminal/data
2019-10-28 16:09:09: Loaded 2 planners
2019-10-28 16:14:08: Loading data from plugins/stockpile/data
2019-10-28 16:14:08: Loaded 2 planners
2019-10-28 16:14:08: Loading data from plugins/terminal/data
2019-10-28 16:14:08: Loaded 2 planners
2019-10-28 16:20:26: Loading data from plugins/stockpile/data
2019-10-28 16:20:27: Loaded 2 planners
2019-10-28 16:20:27: Loading data from plugins/terminal/data
2019-10-28 16:20:27: Loaded 2 planners
2019-10-28 16:40:20: Loading data from plugins/stockpile/data
2019-10-28 16:40:20: Loaded 2 planners
2019-10-28 16:40:20: Loading data from plugins/terminal/data
2019-10-28 16:40:20: Loaded 2 planners
2019-10-28 17:13:26: Loading data from plugins/stockpile/data
2019-10-28 17:13:26: Loaded 2 planners
2019-10-28 17:13:26: Loading data from plugins/terminal/data
2019-10-28 17:13:26: Loaded 2 planners
2019-10-28 17:18:19: Loading data from plugins/stockpile/data
2019-10-28 17:18:19: Loaded 2 planners
2019-10-28 17:18:19: Loading data from plugins/terminal/data
2019-10-28 17:18:19: Loaded 2 planners
2019-10-30 16:34:45: Loading data from plugins/stockpile/data
2019-10-30 16:34:46: Loaded 2 planners
2019-10-30 16:34:46: Loading data from plugins/terminal/data
2019-10-30 16:34:46: Loaded 2 planners
2019-10-30 16:43:31: Loading data from plugins/stockpile/data
2019-10-30 16:43:31: Loaded 2 planners
2019-10-30 16:43:31: Loading data from plugins/terminal/data
2019-10-30 16:43:31: Loaded 2 planners
2019-10-30 16:47:07: Loading data from plugins/stockpile/data
2019-10-30 16:47:07: Loaded 2 planners
2019-10-30 16:47:07: Loading data from plugins/terminal/data
2019-10-30 16:47:07: Loaded 2 planners
2019-10-30 16:54:28: Loading data from plugins/stockpile/data
2019-10-30 16:54:29: Loaded 2 planners
2019-10-30 16:54:29: Loading data from plugins/terminal/data
2019-10-30 16:54:29: Loaded 2 planners
2019-10-30 17:04:01: Loading data from plugins/stockpile/data
2019-10-30 17:04:01: Loaded 2 planners
2019-10-30 17:04:01: Loading data from plugins/terminal/data
2019-10-30 17:04:01: Loaded 2 planners
2019-10-30 17:13:32: Loading data from plugins/stockpile/data
2019-10-30 17:13:32: Loaded 2 planners
2019-10-30 17:13:32: Loading data from plugins/terminal/data
2019-10-30 17:13:32: Loaded 2 planners
2019-10-31 10:07:18: Loading data from plugins/stockpile/data
2019-10-31 10:07:18: Loaded 2 planners
2019-10-31 10:07:18: Loading data from plugins/terminal/data
2019-10-31 10:07:18: Loaded 2 planners
2019-10-31 10:20:41: Loading data from plugins/stockpile/data
2019-10-31 10:20:41: Loaded 2 planners
2019-10-31 10:20:41: Loading data from plugins/terminal/data
2019-10-31 10:20:41: Loaded 2 planners
2019-10-31 11:34:56: Loading data from plugins/stockpile/data
2019-10-31 11:34:56: Loaded 2 planners
2019-10-31 11:34:56: Loading data from plugins/terminal/data
2019-10-31 11:34:56: Loaded 2 planners
2019-11-04 10:00:06: Loading data from plugins/stockpile/data
2019-11-04 10:00:06: Loaded 2 planners
2019-11-04 10:00:06: Loading data from plugins/terminal/data
2019-11-04 10:00:06: Loaded 2 planners
2019-11-04 10:47:21: Loading data from plugins/stockpile/data
2019-11-04 10:47:21: Loaded 2 planners
2019-11-04 10:47:21: Loading data from plugins/terminal/data
2019-11-04 10:47:21: Loaded 2 planners
2019-11-04 10:57:41: Loading data from plugins/stockpile/data
2019-11-04 10:57:41: Loaded 2 planners
2019-11-04 10:57:41: Loading data from plugins/terminal/data
2019-11-04 10:57:41: Loaded 2 planners
2019-11-04 11:09:40: Loading data from plugins/stockpile/data
2019-11-04 11:09:41: Loaded 2 planners
2019-11-04 11:09:41: Loading data from plugins/terminal/data
2019-11-04 11:09:41: Loaded 2 planners
2019-11-04 12:19:52: Loading data from plugins/stockpile/data
2019-11-04 12:19:53: Loaded 2 planners
2019-11-04 12:19:53: Loading data from plugins/terminal/data
2019-11-04 12:19:53: Loaded 2 planners
2019-11-04 12:21:00: Loading data from plugins/stockpile/data
2019-11-04 12:21:01: Loaded 2 planners
2019-11-04 12:21:01: Loading data from plugins/terminal/data
2019-11-04 12:21:01: Loaded 2 planners
2019-11-04 12:24:55: Loading data from plugins/stockpile/data
2019-11-04 12:24:56: Loaded 2 planners
2019-11-04 12:24:56: Loading data from plugins/terminal/data
2019-11-04 12:24:56: Loaded 2 planners
2019-11-04 12:27:50: Loading data from plugins/stockpile/data
2019-11-04 12:27:51: Loaded 2 planners
2019-11-04 12:27:51: Loading data from plugins/terminal/data
2019-11-04 12:27:51: Loaded 2 planners
2019-11-04 12:39:51: Loading data from plugins/stockpile/data
2019-11-04 12:39:52: Loaded 2 planners
2019-11-04 12:39:52: Loading data from plugins/terminal/data
2019-11-04 12:39:52: Loaded 2 planners
2019-11-04 12:54:59: Loading data from plugins/stockpile/data
2019-11-04 12:54:59: Loaded 2 planners
2019-11-04 12:54:59: Loading data from plugins/terminal/data
2019-11-04 12:54:59: Loaded 2 planners
2019-11-14 17:51:09: Loading data from plugins/stockpile/data
2019-11-14 17:51:09: Loaded 3 planners
2019-11-14 17:51:09: Loading data from plugins/terminal/data
2019-11-14 17:51:09: Loaded 3 planners
2019-11-14 17:54:00: Loading data from plugins/stockpile/data
2019-11-14 17:54:00: Loaded 3 planners
2019-11-14 17:54:00: Loading data from plugins/terminal/data
2019-11-14 17:54:00: Loaded 3 planners
2019-11-14 17:56:18: Loading data from plugins/stockpile/data
2019-11-14 17:56:19: Loaded 3 planners
2019-11-14 17:56:19: Loading data from plugins/terminal/data
2019-11-14 17:56:19: Loaded 3 planners
2019-11-14 17:59:12: Loading data from plugins/stockpile/data
2019-11-14 17:59:12: Loaded 3 planners
2019-11-14 17:59:12: Loading data from plugins/terminal/data
2019-11-14 17:59:12: Loaded 3 planners
2019-11-15 09:09:00: Loading data from plugins/stockpile/data
2019-11-15 09:09:01: Loaded 3 planners
2019-11-15 09:09:01: Loading data from plugins/terminal/data
2019-11-15 09:09:01: Loaded 3 planners
2019-11-15 09:11:59: Loading data from plugins/stockpile/data
2019-11-15 09:11:59: Loaded 3 planners
2019-11-15 09:11:59: Loading data from plugins/terminal/data
2019-11-15 09:11:59: Loaded 3 planners
2019-11-15 09:28:19: Loading data from plugins/stockpile/data
2019-11-15 09:28:19: Loaded 3 planners
2019-11-15 09:28:19: Loading data from plugins/terminal/data
2019-11-15 09:28:19: Loaded 3 planners
2019-11-15 09:30:02: Loading data from plugins/stockpile/data
2019-11-15 09:30:03: Loaded 3 planners
2019-11-15 09:30:03: Loading data from plugins/terminal/data
2019-11-15 09:30:03: Loaded 3 planners
2019-11-15 10:17:42: Loading data from plugins/stockpile/data
2019-11-15 10:17:43: Loaded 3 planners
2019-11-15 10:17:43: Loading data from plugins/terminal/data
2019-11-15 10:17:43: Loaded 3 planners
2019-11-15 10:20:35: Loading data from plugins/stockpile/data
2019-11-15 10:20:35: Loaded 3 planners
2019-11-15 10:20:35: Loading data from plugins/terminal/data
2019-11-15 10:20:35: Loaded 3 planners
2019-11-15 11:40:50: Loading data from plugins/stockpile/data
2019-11-15 11:40:50: Loaded 3 planners
2019-11-15 11:40:50: Loading data from plugins/terminal/data
2019-11-15 11:40:50: Loaded 3 planners
2019-11-15 11:45:59: Loading data from plugins/stockpile/data
2019-11-15 11:45:59: Loaded 3 planners
2019-11-15 11:45:59: Loading data from plugins/terminal/data
2019-11-15 11:45:59: Loaded 3 planners
2019-11-15 12:22:54: Loading data from plugins/stockpile/data
2019-11-15 12:22:55: Loaded 3 planners
2019-11-15 12:22:55: Loading data from plugins/terminal/data
2019-11-15 12:22:55: Loaded 3 planners
2019-11-15 12:24:05: Loading data from plugins/stockpile/data
2019-11-15 12:24:06: Loaded 3 planners
2019-11-15 12:24:06: Loading data from plugins/terminal/data
2019-11-15 12:24:06: Loaded 3 planners
2019-11-15 12:26:07: Loading data from plugins/stockpile/data
2019-11-15 12:26:07: Loaded 3 planners
2019-11-15 12:26:07: Loading data from plugins/terminal/data
2019-11-15 12:26:07: Loaded 3 planners
2019-11-15 14:05:37: Loading data from plugins/stockpile/data
2019-11-15 14:05:37: Loaded 3 planners
2019-11-15 14:05:37: Loading data from plugins/terminal/data
2019-11-15 14:05:37: Loaded 3 planners
2019-11-15 14:17:18: Loading data from plugins/stockpile/data
2019-11-15 14:18:28: Loading data from plugins/stockpile/data
2019-11-15 14:18:29: Loaded 3 planners
2019-11-15 14:18:29: Loading data from plugins/terminal/data
2019-11-15 14:18:29: Loaded 3 planners
2019-11-15 15:52:44: Loading data from plugins/stockpile/data
2019-11-15 15:52:45: Loaded 3 planners
2019-11-15 15:52:45: Loading data from plugins/terminal/data
2019-11-15 15:52:45: Loaded 3 planners
2019-11-15 17:13:38: Loading data from plugins/stockpile/data
2019-11-15 17:13:39: Loaded 3 planners
2019-11-15 17:13:39: Loading data from plugins/terminal/data
2019-11-15 17:13:39: Loaded 3 planners
2019-11-15 17:15:46: Loading data from plugins/stockpile/data
2019-11-15 17:15:46: Loaded 3 planners
2019-11-15 17:15:46: Loading data from plugins/terminal/data
2019-11-15 17:15:46: Loaded 3 planners
2019-11-15 17:21:15: Loading data from plugins/stockpile/data
2019-11-15 17:21:15: Loaded 3 planners
2019-11-15 17:21:15: Loading data from plugins/terminal/data
2019-11-15 17:21:15: Loaded 3 planners
2019-11-15 17:24:27: Loading data from plugins/stockpile/data
2019-11-15 17:24:28: Loaded 3 planners
2019-11-15 17:24:28: Loading data from plugins/terminal/data
2019-11-15 17:24:28: Loaded 3 planners
2019-11-15 17:25:57: Loading data from plugins/stockpile/data
2019-11-15 17:25:57: Loaded 3 planners
2019-11-15 17:25:57: Loading data from plugins/terminal/data
2019-11-15 17:25:57: Loaded 3 planners
2019-11-15 17:29:38: Loading data from plugins/stockpile/data
2019-11-15 17:29:39: Loaded 3 planners
2019-11-15 17:29:39: Loading data from plugins/terminal/data
2019-11-15 17:29:39: Loaded 3 planners
2019-11-15 17:30:51: Loading data from plugins/stockpile/data
2019-11-15 17:30:51: Loaded 3 planners
2019-11-15 17:30:51: Loading data from plugins/terminal/data
2019-11-15 17:30:51: Loaded 3 planners
2019-11-15 17:31:57: Loading data from plugins/stockpile/data
2019-11-15 17:31:57: Loaded 3 planners
2019-11-15 17:31:57: Loading data from plugins/terminal/data
2019-11-15 17:31:57: Loaded 3 planners
2019-11-15 18:07:20: Loading data from plugins/stockpile/data
2019-11-15 18:07:21: Loaded 3 planners
2019-11-15 18:07:21: Loading data from plugins/terminal/data
2019-11-15 18:07:21: Loaded 3 planners
2019-11-15 18:12:04: Loading data from plugins/stockpile/data
2019-11-15 18:12:04: Loaded 3 planners
2019-11-15 18:12:04: Loading data from plugins/terminal/data
2019-11-15 18:12:04: Loaded 3 planners
2019-11-15 18:13:27: Loading data from plugins/stockpile/data
2019-11-15 18:13:27: Loaded 3 planners
2019-11-15 18:13:27: Loading data from plugins/terminal/data
2019-11-15 18:13:27: Loaded 3 planners
2019-11-15 18:31:03: Loading data from plugins/stockpile/data
2019-11-15 18:31:03: Loaded 3 planners
2019-11-15 18:31:03: Loading data from plugins/terminal/data
2019-11-15 18:31:03: Loaded 3 planners
2019-11-15 18:33:54: Loading data from plugins/stockpile/data
2019-11-15 18:33:54: Loaded 3 planners
2019-11-15 18:33:54: Loading data from plugins/terminal/data
2019-11-15 18:33:54: Loaded 3 planners
2019-11-15 18:36:54: Loading data from plugins/stockpile/data
2019-11-15 18:36:55: Loaded 3 planners
2019-11-15 18:36:55: Loading data from plugins/terminal/data
2019-11-15 18:36:55: Loaded 3 planners
2019-11-15 18:40:02: Loading data from plugins/stockpile/data
2019-11-15 18:40:03: Loaded 3 planners
2019-11-15 18:40:03: Loading data from plugins/terminal/data
2019-11-15 18:40:03: Loaded 3 planners
2019-11-15 18:43:51: Loading data from plugins/stockpile/data
2019-11-15 18:43:52: Loaded 3 planners
2019-11-15 18:43:52: Loading data from plugins/terminal/data
2019-11-15 18:43:52: Loaded 3 planners
2019-11-18 09:48:20: Loading data from plugins/stockpile/data
2019-11-18 09:48:20: Loaded 3 planners
2019-11-18 09:48:20: Loading data from plugins/terminal/data
2019-11-18 09:48:20: Loaded 3 planners
2019-11-18 09:51:46: Loading data from plugins/stockpile/data
2019-11-18 09:51:46: Loaded 3 planners
2019-11-18 09:51:46: Loading data from plugins/terminal/data
2019-11-18 09:51:46: Loaded 3 planners
2019-11-18 09:54:53: Loading data from plugins/stockpile/data
2019-11-18 09:54:53: Loaded 3 planners
2019-11-18 09:54:53: Loading data from plugins/terminal/data
2019-11-18 09:54:53: Loaded 3 planners
2019-11-18 09:57:07: Loading data from plugins/stockpile/data
2019-11-18 09:57:07: Loaded 3 planners
2019-11-18 09:57:07: Loading data from plugins/terminal/data
2019-11-18 09:57:07: Loaded 3 planners
2019-11-18 10:03:40: Loading data from plugins/stockpile/data
2019-11-18 10:03:40: Loaded 3 planners
2019-11-18 10:03:40: Loading data from plugins/terminal/data
2019-11-18 10:03:40: Loaded 3 planners
2019-11-18 10:09:56: Loading data from plugins/stockpile/data
2019-11-18 10:09:56: Loaded 3 planners
2019-11-18 10:09:56: Loading data from plugins/terminal/data
2019-11-18 10:09:56: Loaded 3 planners
2019-11-18 10:14:42: Loading data from plugins/stockpile/data
2019-11-18 10:14:42: Loaded 3 planners
2019-11-18 10:14:42: Loading data from plugins/terminal/data
2019-11-18 10:14:42: Loaded 3 planners
2019-11-18 10:39:33: Loading data from plugins/stockpile/data
2019-11-18 10:39:34: Loaded 3 planners
2019-11-18 10:39:34: Loading data from plugins/terminal/data
2019-11-18 10:39:34: Loaded 3 planners
2019-11-18 10:44:53: Loading data from plugins/stockpile/data
2019-11-18 10:44:53: Loaded 3 planners
2019-11-18 10:44:53: Loading data from plugins/terminal/data
2019-11-18 10:44:53: Loaded 3 planners
2019-11-18 10:51:25: Loading data from plugins/stockpile/data
2019-11-18 10:51:25: Loaded 3 planners
2019-11-18 10:51:25: Loading data from plugins/terminal/data
2019-11-18 10:51:25: Loaded 3 planners
2019-11-18 11:26:42: Loading data from plugins/stockpile/data
2019-11-18 11:26:43: Loaded 3 planners
2019-11-18 11:26:43: Loading data from plugins/terminal/data
2019-11-18 11:26:43: Loaded 3 planners
2019-11-18 11:43:34: Loading data from plugins/stockpile/data
2019-11-18 11:43:35: Loaded 3 planners
2019-11-18 11:43:35: Loading data from plugins/terminal/data
2019-11-18 11:43:35: Loaded 3 planners
2019-11-18 11:59:13: Loading data from plugins/stockpile/data
2019-11-18 11:59:14: Loaded 3 planners
2019-11-18 11:59:14: Loading data from plugins/terminal/data
2019-11-18 11:59:14: Loaded 3 planners
2019-11-18 12:04:42: Loading data from plugins/stockpile/data
2019-11-18 12:04:42: Loaded 3 planners
2019-11-18 12:04:42: Loading data from plugins/terminal/data
2019-11-18 12:04:42: Loaded 3 planners
2019-11-18 12:10:55: Loading data from plugins/stockpile/data
2019-11-18 12:10:55: Loaded 3 planners
2019-11-18 12:10:55: Loading data from plugins/terminal/data
2019-11-18 12:10:55: Loaded 3 planners
2019-11-18 12:14:02: Loading data from plugins/stockpile/data
2019-11-18 12:14:03: Loaded 3 planners
2019-11-18 12:14:03: Loading data from plugins/terminal/data
2019-11-18 12:14:03: Loaded 3 planners
2019-11-18 12:18:23: Loading data from plugins/stockpile/data
2019-11-18 12:18:24: Loaded 3 planners
2019-11-18 12:18:24: Loading data from plugins/terminal/data
2019-11-18 12:18:24: Loaded 3 planners
2019-11-18 12:23:13: Loading data from plugins/stockpile/data
2019-11-18 12:23:14: Loaded 3 planners
2019-11-18 12:23:14: Loading data from plugins/terminal/data
2019-11-18 12:23:14: Loaded 3 planners
2019-11-19 10:15:58: Loading data from plugins/stockpile/data
2019-11-19 10:15:59: Loaded 3 planners
2019-11-19 10:15:59: Loading data from plugins/terminal/data
2019-11-19 10:15:59: Loaded 3 planners
2019-11-19 10:19:08: Loading data from plugins/stockpile/data
2019-11-19 10:19:08: Loaded 3 planners
2019-11-19 10:19:08: Loading data from plugins/terminal/data
2019-11-19 10:19:08: Loaded 3 planners
2019-11-19 10:54:17: Loading data from plugins/stockpile/data
2019-11-19 10:54:17: Loaded 3 planners
2019-11-19 10:54:17: Loading data from plugins/terminal/data
2019-11-19 10:54:17: Loaded 3 planners
2019-11-19 11:12:07: Loading data from plugins/stockpile/data
2019-11-19 11:12:08: Loaded 3 planners
2019-11-19 11:12:08: Loading data from plugins/terminal/data
2019-11-19 11:12:08: Loaded 3 planners
2019-11-19 11:17:06: Loading data from plugins/stockpile/data
2019-11-19 11:17:07: Loaded 3 planners
2019-11-19 11:17:07: Loading data from plugins/terminal/data
2019-11-19 11:17:07: Loaded 3 planners
2019-11-19 11:18:53: Loading data from plugins/stockpile/data
2019-11-19 11:18:54: Loaded 3 planners
2019-11-19 11:18:54: Loading data from plugins/terminal/data
2019-11-19 11:18:54: Loaded 3 planners
2019-11-19 11:20:00: Loading data from plugins/stockpile/data
2019-11-19 11:20:01: Loaded 3 planners
2019-11-19 11:20:01: Loading data from plugins/terminal/data
2019-11-19 11:20:01: Loaded 3 planners
2019-11-19 11:24:51: Loading data from plugins/stockpile/data
2019-11-19 11:24:51: Loaded 3 planners
2019-11-19 11:24:51: Loading data from plugins/terminal/data
2019-11-19 11:24:51: Loaded 3 planners
2019-11-19 11:32:33: Loading data from plugins/stockpile/data
2019-11-19 11:32:33: Loaded 3 planners
2019-11-19 11:32:33: Loading data from plugins/terminal/data
2019-11-19 11:32:33: Loaded 3 planners
2019-11-19 11:42:09: Loading data from plugins/stockpile/data
2019-11-19 11:42:10: Loaded 3 planners
2019-11-19 11:42:10: Loading data from plugins/terminal/data
2019-11-19 11:42:10: Loaded 3 planners
2019-11-19 11:47:05: Loading data from plugins/stockpile/data
2019-11-19 11:47:06: Loaded 3 planners
2019-11-19 11:47:06: Loading data from plugins/terminal/data
2019-11-19 11:47:06: Loaded 3 planners
2019-11-19 11:52:51: Loading data from plugins/stockpile/data
2019-11-19 11:52:52: Loaded 3 planners
2019-11-19 11:52:52: Loading data from plugins/terminal/data
2019-11-19 11:52:52: Loaded 3 planners
2019-11-19 11:58:30: Loading data from plugins/stockpile/data
2019-11-19 11:58:31: Loaded 3 planners
2019-11-19 11:58:31: Loading data from plugins/terminal/data
2019-11-19 11:58:31: Loaded 3 planners
2019-11-19 12:02:04: Loading data from plugins/stockpile/data
2019-11-19 12:02:04: Loaded 3 planners
2019-11-19 12:02:04: Loading data from plugins/terminal/data
2019-11-19 12:02:04: Loaded 3 planners
2019-11-19 12:03:12: Loading data from plugins/stockpile/data
2019-11-19 12:03:12: Loaded 3 planners
2019-11-19 12:03:12: Loading data from plugins/terminal/data
2019-11-19 12:03:12: Loaded 3 planners
2019-11-19 12:05:30: Loading data from plugins/stockpile/data
2019-11-19 12:05:31: Loaded 3 planners
2019-11-19 12:05:31: Loading data from plugins/terminal/data
2019-11-19 12:05:31: Loaded 3 planners
2019-11-19 12:09:51: Loading data from plugins/stockpile/data
2019-11-19 12:09:52: Loaded 3 planners
2019-11-19 12:09:52: Loading data from plugins/terminal/data
2019-11-19 12:09:52: Loaded 3 planners
2019-11-19 12:12:07: Loading data from plugins/stockpile/data
2019-11-19 12:12:08: Loaded 3 planners
2019-11-19 12:12:08: Loading data from plugins/terminal/data
2019-11-19 12:12:08: Loaded 3 planners
2019-11-19 12:28:04: Loading data from plugins/stockpile/data
2019-11-19 12:28:04: Loaded 3 planners
2019-11-19 12:28:04: Loading data from plugins/terminal/data
2019-11-19 12:28:04: Loaded 3 planners
2019-11-19 12:35:21: Loading data from plugins/stockpile/data
2019-11-19 12:35:22: Loaded 3 planners
2019-11-19 12:35:22: Loading data from plugins/terminal/data
2019-11-19 12:35:22: Loaded 3 planners
2019-11-19 12:41:49: Loading data from plugins/stockpile/data
2019-11-19 12:41:49: Loaded 3 planners
2019-11-19 12:41:49: Loading data from plugins/terminal/data
2019-11-19 12:41:49: Loaded 3 planners
2019-11-19 12:46:30: Loading data from plugins/stockpile/data
2019-11-19 12:46:30: Loaded 3 planners
2019-11-19 12:46:30: Loading data from plugins/terminal/data
2019-11-19 12:46:30: Loaded 3 planners
2019-11-19 12:47:49: Loading data from plugins/stockpile/data
2019-11-19 12:47:50: Loaded 3 planners
2019-11-19 12:47:50: Loading data from plugins/terminal/data
2019-11-19 12:47:50: Loaded 3 planners
2019-11-19 12:49:34: Loading data from plugins/stockpile/data
2019-11-19 12:49:34: Loaded 3 planners
2019-11-19 12:49:34: Loading data from plugins/terminal/data
2019-11-19 12:49:34: Loaded 3 planners
2019-11-19 12:52:31: Loading data from plugins/stockpile/data
2019-11-19 12:52:31: Loaded 3 planners
2019-11-19 12:52:31: Loading data from plugins/terminal/data
2019-11-19 12:52:31: Loaded 3 planners
2019-11-19 12:54:35: Loading data from plugins/stockpile/data
2019-11-19 12:54:35: Loaded 3 planners
2019-11-19 12:54:35: Loading data from plugins/terminal/data
2019-11-19 12:54:35: Loaded 3 planners
2019-11-19 13:44:02: Loading data from plugins/stockpile/data
2019-11-19 13:44:03: Loaded 3 planners
2019-11-19 13:44:03: Loading data from plugins/terminal/data
2019-11-19 13:44:03: Loaded 3 planners
2019-11-19 13:59:13: Loading data from plugins/stockpile/data
2019-11-19 13:59:13: Loaded 3 planners
2019-11-19 13:59:13: Loading data from plugins/terminal/data
2019-11-19 13:59:13: Loaded 3 planners
2019-11-19 14:10:06: Loading data from plugins/stockpile/data
2019-11-19 14:10:07: Loaded 3 planners
2019-11-19 14:10:07: Loading data from plugins/terminal/data
2019-11-19 14:10:07: Loaded 3 planners
2019-11-19 14:27:58: Loading data from plugins/stockpile/data
2019-11-19 14:27:58: Loaded 3 planners
2019-11-19 14:27:58: Loading data from plugins/terminal/data
2019-11-19 14:27:58: Loaded 3 planners
2019-11-19 14:29:02: Loading data from plugins/stockpile/data
2019-11-19 14:29:02: Loaded 3 planners
2019-11-19 14:29:02: Loading data from plugins/terminal/data
2019-11-19 14:29:02: Loaded 3 planners
2019-11-19 14:29:05: Loading data from plugins/stockpile/data
2019-11-19 14:29:06: Loaded 3 planners
2019-11-19 14:29:06: Loading data from plugins/terminal/data
2019-11-19 14:29:06: Loaded 3 planners
2019-11-19 14:30:19: Loading data from plugins/stockpile/data
2019-11-19 14:30:20: Loaded 3 planners
2019-11-19 14:30:20: Loading data from plugins/terminal/data
2019-11-19 14:30:20: Loaded 3 planners
2019-11-19 14:59:31: Loading data from plugins/stockpile/data
2019-11-19 14:59:32: Loaded 3 planners
2019-11-19 14:59:32: Loading data from plugins/terminal/data
2019-11-19 14:59:32: Loaded 3 planners
2019-11-19 15:02:14: Loading data from plugins/stockpile/data
2019-11-19 15:02:15: Loaded 3 planners
2019-11-19 15:02:15: Loading data from plugins/terminal/data
2019-11-19 15:02:15: Loaded 3 planners
2019-11-19 15:13:39: Loading data from plugins/stockpile/data
2019-11-19 15:13:40: Loaded 3 planners
2019-11-19 15:13:40: Loading data from plugins/terminal/data
2019-11-19 15:13:40: Loaded 3 planners
2019-11-19 15:44:49: Loading data from plugins/stockpile/data
2019-11-19 15:44:49: Loaded 3 planners
2019-11-19 15:44:50: Loading data from plugins/terminal/data
2019-11-19 15:44:50: Loaded 3 planners
2019-11-19 15:50:04: Loading data from plugins/stockpile/data
2019-11-19 15:50:05: Loaded 3 planners
2019-11-19 15:50:05: Loading data from plugins/terminal/data
2019-11-19 15:50:05: Loaded 3 planners
2019-11-19 15:52:44: Loading data from plugins/stockpile/data
2019-11-19 15:52:45: Loaded 3 planners
2019-11-19 15:52:45: Loading data from plugins/terminal/data
2019-11-19 15:52:45: Loaded 3 planners
2019-11-19 16:00:33: Loading data from plugins/stockpile/data
2019-11-19 16:00:33: Loaded 3 planners
2019-11-19 16:00:33: Loading data from plugins/terminal/data
2019-11-19 16:00:34: Loaded 3 planners
2019-11-19 16:01:31: Loading data from plugins/stockpile/data
2019-11-19 16:01:31: Loaded 3 planners
2019-11-19 16:01:31: Loading data from plugins/terminal/data
2019-11-19 16:01:31: Loaded 3 planners
2019-11-19 16:11:05: Loading data from plugins/stockpile/data
2019-11-19 16:11:06: Loaded 3 planners
2019-11-19 16:11:06: Loading data from plugins/terminal/data
2019-11-19 16:11:06: Loaded 3 planners
2019-11-19 16:15:57: Loading data from plugins/stockpile/data
2019-11-19 16:15:58: Loaded 3 planners
2019-11-19 16:15:58: Loading data from plugins/terminal/data
2019-11-19 16:15:58: Loaded 3 planners
2019-11-19 16:41:32: Loading data from plugins/stockpile/data
2019-11-19 16:41:32: Loaded 3 planners
2019-11-19 16:41:32: Loading data from plugins/terminal/data
2019-11-19 16:41:32: Loaded 3 planners
2019-11-19 16:49:39: Loading data from plugins/stockpile/data
2019-11-19 16:49:40: Loaded 3 planners
2019-11-19 16:49:40: Loading data from plugins/terminal/data
2019-11-19 16:49:40: Loaded 3 planners
2019-11-19 17:01:16: Loading data from plugins/stockpile/data
2019-11-19 17:01:16: Loaded 3 planners
2019-11-19 17:01:16: Loading data from plugins/terminal/data
2019-11-19 17:01:16: Loaded 3 planners
2019-11-19 17:09:36: Loading data from plugins/stockpile/data
2019-11-19 17:09:37: Loaded 3 planners
2019-11-19 17:09:37: Loading data from plugins/terminal/data
2019-11-19 17:09:37: Loaded 3 planners
2019-11-19 17:30:51: Loading data from plugins/stockpile/data
2019-11-19 17:30:52: Loaded 3 planners
2019-11-19 17:30:52: Loading data from plugins/terminal/data
2019-11-19 17:30:52: Loaded 3 planners
2019-11-19 17:33:29: Loading data from plugins/stockpile/data
2019-11-19 17:33:30: Loaded 3 planners
2019-11-19 17:33:30: Loading data from plugins/terminal/data
2019-11-19 17:33:30: Loaded 3 planners
2019-11-20 10:36:46: Loading data from plugins/stockpile/data
2019-11-20 10:36:46: Loaded 3 planners
2019-11-20 10:36:46: Loading data from plugins/terminal/data
2019-11-20 10:36:46: Loaded 3 planners
2019-11-20 10:38:45: Loading data from plugins/stockpile/data
2019-11-20 10:38:46: Loaded 3 planners
2019-11-20 10:38:46: Loading data from plugins/terminal/data
2019-11-20 10:38:46: Loaded 3 planners
2019-11-20 10:44:07: Loading data from plugins/stockpile/data
2019-11-20 10:44:07: Loaded 3 planners
2019-11-20 10:44:07: Loading data from plugins/terminal/data
2019-11-20 10:44:07: Loaded 3 planners
2019-11-20 10:53:45: Loading data from plugins/stockpile/data
2019-11-20 10:53:46: Loaded 3 planners
2019-11-20 10:53:46: Loading data from plugins/terminal/data
2019-11-20 10:53:46: Loaded 3 planners
2019-11-20 11:21:12: Loading data from plugins/stockpile/data
2019-11-20 11:21:12: Loaded 3 planners
2019-11-20 11:21:12: Loading data from plugins/terminal/data
2019-11-20 11:21:12: Loaded 3 planners
2019-11-20 11:25:55: Loading data from plugins/stockpile/data
2019-11-20 11:25:56: Loaded 3 planners
2019-11-20 11:25:56: Loading data from plugins/terminal/data
2019-11-20 11:25:56: Loaded 3 planners
2019-11-20 11:30:10: Loading data from plugins/stockpile/data
2019-11-20 11:30:11: Loaded 3 planners
2019-11-20 11:30:11: Loading data from plugins/terminal/data
2019-11-20 11:30:11: Loaded 3 planners
2019-11-20 12:07:40: Loading data from plugins/stockpile/data
2019-11-20 12:07:40: Loaded 3 planners
2019-11-20 12:07:40: Loading data from plugins/terminal/data
2019-11-20 12:07:40: Loaded 3 planners
2019-11-20 12:19:29: Loading data from plugins/stockpile/data
2019-11-20 12:19:29: Loaded 3 planners
2019-11-20 12:19:29: Loading data from plugins/terminal/data
2019-11-20 12:19:29: Loaded 3 planners
2019-11-20 12:38:24: Loading data from plugins/stockpile/data
2019-11-20 12:38:25: Loaded 3 planners
2019-11-20 12:38:25: Loading data from plugins/terminal/data
2019-11-20 12:38:25: Loaded 3 planners
2019-11-20 12:39:12: Loading data from plugins/stockpile/data
2019-11-20 12:39:13: Loaded 3 planners
2019-11-20 12:39:13: Loading data from plugins/terminal/data
2019-11-20 12:39:13: Loaded 3 planners
2019-11-20 12:43:23: Loading data from plugins/stockpile/data
2019-11-20 12:43:23: Loaded 3 planners
2019-11-20 12:43:23: Loading data from plugins/terminal/data
2019-11-20 12:43:23: Loaded 3 planners
2019-11-20 12:44:32: Loading data from plugins/stockpile/data
2019-11-20 12:44:32: Loaded 3 planners
2019-11-20 12:44:32: Loading data from plugins/terminal/data
2019-11-20 12:44:32: Loaded 3 planners
2019-11-20 12:53:52: Loading data from plugins/stockpile/data
2019-11-20 12:53:52: Loaded 3 planners
2019-11-20 12:53:52: Loading data from plugins/terminal/data
2019-11-20 12:53:52: Loaded 3 planners
2019-11-20 14:25:32: Loading data from plugins/stockpile/data
2019-11-20 14:25:32: Loaded 3 planners
2019-11-20 14:25:32: Loading data from plugins/terminal/data
2019-11-20 14:25:32: Loaded 3 planners
2019-11-20 14:28:03: Loading data from plugins/stockpile/data
2019-11-20 14:28:03: Loaded 3 planners
2019-11-20 14:28:03: Loading data from plugins/terminal/data
2019-11-20 14:28:03: Loaded 3 planners
2019-11-20 15:13:58: Loading data from plugins/stockpile/data
2019-11-20 15:13:59: Loaded 3 planners
2019-11-20 15:13:59: Loading data from plugins/terminal/data
2019-11-20 15:13:59: Loaded 3 planners
2019-11-20 16:20:37: Loading data from plugins/stockpile/data
2019-11-20 16:20:38: Loaded 3 planners
2019-11-20 16:20:38: Loading data from plugins/terminal/data
2019-11-20 16:20:38: Loaded 3 planners
2019-11-20 16:51:05: Loading data from plugins/stockpile/data
2019-11-20 16:51:05: Loaded 3 planners
2019-11-20 16:51:05: Loading data from plugins/terminal/data
2019-11-20 16:51:05: Loaded 3 planners
2019-11-20 17:10:43: Loading data from plugins/stockpile/data
2019-11-20 17:10:43: Loaded 3 planners
2019-11-20 17:10:43: Loading data from plugins/terminal/data
2019-11-20 17:10:43: Loaded 3 planners
2019-11-20 18:30:57: Loading data from plugins/stockpile/data
2019-11-20 18:30:57: Loaded 3 planners
2019-11-20 18:30:57: Loading data from plugins/terminal/data
2019-11-20 18:30:57: Loaded 3 planners
2019-11-20 18:32:27: Loading data from plugins/stockpile/data
2019-11-20 18:32:27: Loaded 3 planners
2019-11-20 18:32:27: Loading data from plugins/terminal/data
2019-11-20 18:32:27: Loaded 3 planners
2019-11-20 18:36:37: Loading data from plugins/stockpile/data
2019-11-20 18:36:38: Loaded 3 planners
2019-11-20 18:36:38: Loading data from plugins/terminal/data
2019-11-20 18:36:38: Loaded 3 planners
2019-11-20 21:46:49: Loading data from plugins/stockpile/data
2019-11-20 21:46:50: Loaded 3 planners
2019-11-20 21:46:50: Loading data from plugins/terminal/data
2019-11-20 21:46:50: Loaded 3 planners
2019-11-20 22:19:34: Loading data from plugins/stockpile/data
2019-11-20 22:19:34: Loaded 3 planners
2019-11-20 22:19:34: Loading data from plugins/terminal/data
2019-11-20 22:19:34: Loaded 3 planners
2019-11-20 22:30:26: Loading data from plugins/stockpile/data
2019-11-20 22:30:26: Loaded 3 planners
2019-11-20 22:30:26: Loading data from plugins/terminal/data
2019-11-20 22:30:26: Loaded 3 planners
2019-11-20 22:36:01: Loading data from plugins/stockpile/data
2019-11-20 22:36:02: Loaded 3 planners
2019-11-20 22:36:02: Loading data from plugins/terminal/data
2019-11-20 22:36:02: Loaded 3 planners
2019-11-20 22:45:03: Loading data from plugins/stockpile/data
2019-11-20 22:45:03: Loaded 3 planners
2019-11-20 22:45:03: Loading data from plugins/terminal/data
2019-11-20 22:45:03: Loaded 3 planners
2019-11-20 22:50:02: Loading data from plugins/stockpile/data
2019-11-20 22:50:02: Loaded 3 planners
2019-11-20 22:50:02: Loading data from plugins/terminal/data
2019-11-20 22:50:02: Loaded 3 planners
2019-11-20 22:51:58: Loading data from plugins/stockpile/data
2019-11-20 22:51:58: Loaded 3 planners
2019-11-20 22:51:58: Loading data from plugins/terminal/data
2019-11-20 22:51:58: Loaded 3 planners
2019-11-20 22:56:05: Loading data from plugins/stockpile/data
2019-11-20 22:56:06: Loaded 3 planners
2019-11-20 22:56:06: Loading data from plugins/terminal/data
2019-11-20 22:56:06: Loaded 3 planners
2019-11-20 22:59:47: Loading data from plugins/stockpile/data
2019-11-20 22:59:47: Loaded 3 planners
2019-11-20 22:59:47: Loading data from plugins/terminal/data
2019-11-20 22:59:47: Loaded 3 planners
2019-11-20 23:03:50: Loading data from plugins/stockpile/data
2019-11-20 23:03:50: Loaded 3 planners
2019-11-20 23:03:50: Loading data from plugins/terminal/data
2019-11-20 23:03:50: Loaded 3 planners
2019-11-20 23:09:54: Loading data from plugins/stockpile/data
2019-11-20 23:09:54: Loaded 3 planners
2019-11-20 23:09:54: Loading data from plugins/terminal/data
2019-11-20 23:09:54: Loaded 3 planners
2019-11-20 23:15:07: Loading data from plugins/stockpile/data
2019-11-20 23:15:07: Loaded 3 planners
2019-11-20 23:15:07: Loading data from plugins/terminal/data
2019-11-20 23:15:07: Loaded 3 planners
2019-11-21 10:00:22: Loading data from plugins/stockpile/data
2019-11-21 10:00:23: Loaded 3 planners
2019-11-21 10:00:23: Loading data from plugins/terminal/data
2019-11-21 10:00:23: Loaded 3 planners
2019-11-21 10:04:03: Loading data from plugins/stockpile/data
2019-11-21 10:04:04: Loaded 3 planners
2019-11-21 10:04:04: Loading data from plugins/terminal/data
2019-11-21 10:04:04: Loaded 3 planners
2019-11-21 10:07:38: Loading data from plugins/stockpile/data
2019-11-21 10:07:38: Loaded 3 planners
2019-11-21 10:07:38: Loading data from plugins/terminal/data
2019-11-21 10:07:38: Loaded 3 planners
2019-11-21 10:12:11: Loading data from plugins/stockpile/data
2019-11-21 10:12:12: Loaded 3 planners
2019-11-21 10:12:12: Loading data from plugins/terminal/data
2019-11-21 10:12:12: Loaded 3 planners
2019-11-21 10:13:33: Loading data from plugins/stockpile/data
2019-11-21 10:13:33: Loaded 3 planners
2019-11-21 10:13:33: Loading data from plugins/terminal/data
2019-11-21 10:13:33: Loaded 3 planners
2019-11-21 10:14:30: Loading data from plugins/stockpile/data
2019-11-21 10:14:30: Loaded 3 planners
2019-11-21 10:14:30: Loading data from plugins/terminal/data
2019-11-21 10:14:30: Loaded 3 planners
2019-11-21 10:48:53: Loading data from plugins/stockpile/data
2019-11-21 10:48:54: Loaded 3 planners
2019-11-21 10:48:54: Loading data from plugins/terminal/data
2019-11-21 10:48:54: Loaded 3 planners
2019-11-21 10:49:51: Loading data from plugins/stockpile/data
2019-11-21 10:49:52: Loaded 3 planners
2019-11-21 10:49:52: Loading data from plugins/terminal/data
2019-11-21 10:49:52: Loaded 3 planners
2019-11-21 11:15:13: Loading data from plugins/stockpile/data
2019-11-21 11:15:13: Loaded 3 planners
2019-11-21 11:15:13: Loading data from plugins/terminal/data
2019-11-21 11:15:13: Loaded 3 planners
2019-11-21 11:46:28: Loading data from plugins/stockpile/data
2019-11-21 11:46:29: Loaded 3 planners
2019-11-21 11:46:29: Loading data from plugins/terminal/data
2019-11-21 11:46:29: Loaded 3 planners
2019-11-21 11:54:39: Loading data from plugins/stockpile/data
2019-11-21 11:54:39: Loaded 3 planners
2019-11-21 11:54:39: Loading data from plugins/terminal/data
2019-11-21 11:54:39: Loaded 3 planners
2019-11-21 11:56:54: Loading data from plugins/stockpile/data
2019-11-21 11:56:55: Loaded 3 planners
2019-11-21 11:56:55: Loading data from plugins/terminal/data
2019-11-21 11:56:55: Loaded 3 planners
2019-11-21 12:06:53: Loading data from plugins/stockpile/data
2019-11-21 12:06:54: Loaded 3 planners
2019-11-21 12:06:54: Loading data from plugins/terminal/data
2019-11-21 12:06:54: Loaded 3 planners
2019-11-21 12:15:53: Loading data from plugins/stockpile/data
2019-11-21 12:15:54: Loaded 3 planners
2019-11-21 12:15:54: Loading data from plugins/terminal/data
2019-11-21 12:15:54: Loaded 3 planners
2019-11-21 12:18:43: Loading data from plugins/stockpile/data
2019-11-21 12:18:44: Loaded 3 planners
2019-11-21 12:18:44: Loading data from plugins/terminal/data
2019-11-21 12:18:44: Loaded 3 planners
2019-11-21 12:27:49: Loading data from plugins/stockpile/data
2019-11-21 12:27:50: Loaded 3 planners
2019-11-21 12:27:50: Loading data from plugins/terminal/data
2019-11-21 12:27:50: Loaded 3 planners
2019-11-21 12:28:21: Loading data from plugins/stockpile/data
2019-11-21 12:28:21: Loaded 3 planners
2019-11-21 12:28:21: Loading data from plugins/terminal/data
2019-11-21 12:28:21: Loaded 3 planners
2019-11-21 14:35:51: Loading data from plugins/stockpile/data
2019-11-21 14:35:52: Loaded 3 planners
2019-11-21 14:35:52: Loading data from plugins/terminal/data
2019-11-21 14:35:52: Loaded 3 planners
2019-11-21 14:37:52: Loading data from plugins/stockpile/data
2019-11-21 14:37:53: Loaded 3 planners
2019-11-21 14:37:53: Loading data from plugins/terminal/data
2019-11-21 14:37:53: Loaded 3 planners
2019-11-21 15:24:51: Loading data from plugins/stockpile/data
2019-11-21 15:24:52: Loaded 3 planners
2019-11-21 15:24:52: Loading data from plugins/terminal/data
2019-11-21 15:24:52: Loaded 3 planners
2019-12-03 11:09:13: Loading data from plugins/stockpile/data
2019-12-03 11:09:14: Loaded 3 planners
2019-12-03 11:09:14: Loading data from plugins/terminal/data
2019-12-03 11:09:14: Loaded 3 planners
2019-12-03 12:05:51: Loading data from plugins/stockpile/data
2019-12-03 12:05:51: Loaded 3 planners
2019-12-03 12:05:51: Loading data from plugins/terminal/data
2019-12-03 12:05:51: Loaded 3 planners
2019-12-05 11:09:40: Loading data from plugins/stockpile/data
2019-12-05 11:10:36: Loading data from plugins/stockpile/data
2019-12-05 11:11:31: Loading data from plugins/stockpile/data
2019-12-05 11:11:32: Loaded 3 planners
2019-12-05 11:11:32: Loading data from plugins/terminal/data
2019-12-05 11:11:32: Loaded 3 planners
2019-12-05 11:14:57: Loading data from plugins/stockpile/data
2019-12-05 11:14:57: Loaded 3 planners
2019-12-05 11:14:57: Loading data from plugins/terminal/data
2019-12-05 11:14:57: Loaded 3 planners
2019-12-05 11:19:46: Loading data from plugins/stockpile/data
2019-12-05 11:19:46: Loaded 3 planners
2019-12-05 11:19:46: Loading data from plugins/terminal/data
2019-12-05 11:19:46: Loaded 3 planners
2019-12-05 11:25:00: Loading data from plugins/stockpile/data
2019-12-05 11:25:01: Loaded 3 planners
2019-12-05 11:25:01: Loading data from plugins/terminal/data
2019-12-05 11:25:01: Loaded 3 planners
2019-12-05 11:35:05: Loading data from plugins/stockpile/data
2019-12-05 11:35:05: Loaded 3 planners
2019-12-05 11:35:05: Loading data from plugins/terminal/data
2019-12-05 11:35:05: Loaded 3 planners
2019-12-05 17:23:57: Loading data from plugins/stockpile/data
2019-12-05 17:23:58: Loaded 3 planners
2019-12-05 17:23:58: Loading data from plugins/terminal/data
2019-12-05 17:23:58: Loaded 3 planners
2019-12-06 11:22:34: Loading data from plugins/stockpile/data
2019-12-06 11:22:34: Loaded 3 planners
2019-12-06 11:22:34: Loading data from plugins/terminal/data
2019-12-06 11:22:34: Loaded 3 planners
2019-12-06 11:26:05: Loading data from plugins/stockpile/data
2019-12-06 11:26:06: Loaded 3 planners
2019-12-06 11:26:06: Loading data from plugins/terminal/data
2019-12-06 11:26:06: Loaded 3 planners
2019-12-06 12:18:36: Loading data from plugins/stockpile/data
2019-12-06 12:18:36: Loaded 3 planners
2019-12-06 12:18:36: Loading data from data
2019-12-06 12:18:36: Loaded 3 planners
2019-12-06 12:21:53: Loading data from plugins/stockpile/data
2019-12-06 12:21:54: Loaded 3 planners
2019-12-06 12:21:54: Loading data from data
2019-12-06 12:21:54: Loaded 3 planners
2019-12-06 12:25:50: Loading data from plugins/stockpile/data
2019-12-06 12:25:51: Loaded 3 planners
2019-12-06 12:25:51: Loading data from data
2019-12-06 12:25:51: Loaded 3 planners
2019-12-06 12:29:00: Loading data from plugins/stockpile/data
2019-12-06 12:29:00: Loaded 3 planners
2019-12-06 12:29:01: Loading data from data
2019-12-06 12:29:01: Loaded 3 planners
2019-12-06 12:30:04: Loading data from plugins/stockpile/data
2019-12-06 12:30:05: Loaded 3 planners
2019-12-06 12:30:05: Loading data from data
2019-12-06 12:30:05: Loaded 3 planners
2019-12-06 12:47:06: Loading data from plugins/stockpile/data
2019-12-06 12:47:07: Loaded 3 planners
2019-12-06 12:47:07: Loading data from data
2019-12-06 12:47:07: Loaded 3 planners
