2019-10-24 10:03:56: Located 0f4c3c67-845e-49a0-927e-90ed33c044e0.yml
2019-10-24 10:03:56: Located 1a98b8e6-18ce-4617-8cc5-e65a1a9d490e.yml
2019-10-24 10:04:07: Located 0f4c3c67-845e-49a0-927e-90ed33c044e0.yml
2019-10-24 10:04:07: Located 1a98b8e6-18ce-4617-8cc5-e65a1a9d490e.yml
2019-10-24 10:51:23: Located 0f4c3c67-845e-49a0-927e-90ed33c044e0.yml
2019-10-24 10:51:23: Located 1a98b8e6-18ce-4617-8cc5-e65a1a9d490e.yml
2019-10-24 10:52:01: Located sandcat.go-linux
2019-10-24 10:53:44: Located 0f4c3c67-845e-49a0-927e-90ed33c044e0.yml
2019-10-24 10:53:44: Located 1a98b8e6-18ce-4617-8cc5-e65a1a9d490e.yml
2019-10-24 10:53:46: Located sandcat.go-linux
2019-10-24 10:54:51: Located user.txt
2019-10-24 10:56:06: Located sshAccess.sh
2019-10-24 11:02:16: Located 0f4c3c67-845e-49a0-927e-90ed33c044e0.yml
2019-10-24 11:02:16: Located 1a98b8e6-18ce-4617-8cc5-e65a1a9d490e.yml
2019-10-24 11:02:20: Located sandcat.go-linux
2019-10-24 11:24:19: Located 0f4c3c67-845e-49a0-927e-90ed33c044e0.yml
2019-10-24 11:24:19: Located 1a98b8e6-18ce-4617-8cc5-e65a1a9d490e.yml
2019-10-24 11:24:23: Located sandcat.go-linux
2019-10-24 11:28:18: Located 0f4c3c67-845e-49a0-927e-90ed33c044e0.yml
2019-10-24 11:28:18: Located 1a98b8e6-18ce-4617-8cc5-e65a1a9d490e.yml
2019-10-24 11:28:21: Located sandcat.go-linux
2019-10-24 11:44:16: Located 0f4c3c67-845e-49a0-927e-90ed33c044e0.yml
2019-10-24 11:44:16: Located 1a98b8e6-18ce-4617-8cc5-e65a1a9d490e.yml
2019-10-24 11:44:18: Located sandcat.go-linux
2019-10-24 11:50:01: Located 0f4c3c67-845e-49a0-927e-90ed33c044e0.yml
2019-10-24 11:50:01: Located 1a98b8e6-18ce-4617-8cc5-e65a1a9d490e.yml
2019-10-24 11:50:02: Located sandcat.go-linux
2019-10-24 11:53:05: Located 0f4c3c67-845e-49a0-927e-90ed33c044e0.yml
2019-10-24 11:53:05: Located 1a98b8e6-18ce-4617-8cc5-e65a1a9d490e.yml
2019-10-24 11:53:07: Located sandcat.go-linux
2019-10-24 11:57:28: Located 0f4c3c67-845e-49a0-927e-90ed33c044e0.yml
2019-10-24 11:57:28: Located 1a98b8e6-18ce-4617-8cc5-e65a1a9d490e.yml
2019-10-24 11:57:30: Located sandcat.go-linux
2019-10-24 12:15:47: Located 0f4c3c67-845e-49a0-927e-90ed33c044e0.yml
2019-10-24 12:15:47: Located 1a98b8e6-18ce-4617-8cc5-e65a1a9d490e.yml
2019-10-24 12:15:49: Located sandcat.go-linux
2019-10-24 12:41:06: Located 0f4c3c67-845e-49a0-927e-90ed33c044e0.yml
2019-10-24 12:41:06: Located 1a98b8e6-18ce-4617-8cc5-e65a1a9d490e.yml
2019-10-24 12:41:44: Located 0f4c3c67-845e-49a0-927e-90ed33c044e0.yml
2019-10-24 12:41:44: Located 1a98b8e6-18ce-4617-8cc5-e65a1a9d490e.yml
2019-10-24 12:45:25: Located 0f4c3c67-845e-49a0-927e-90ed33c044e0.yml
2019-10-24 12:45:25: Located 1a98b8e6-18ce-4617-8cc5-e65a1a9d490e.yml
2019-10-24 12:49:55: Located 0f4c3c67-845e-49a0-927e-90ed33c044e0.yml
2019-10-24 12:49:55: Located 1a98b8e6-18ce-4617-8cc5-e65a1a9d490e.yml
2019-10-24 14:07:18: Located 0f4c3c67-845e-49a0-927e-90ed33c044e0.yml
2019-10-24 14:07:18: Located 1a98b8e6-18ce-4617-8cc5-e65a1a9d490e.yml
2019-10-24 14:28:33: Located 0f4c3c67-845e-49a0-927e-90ed33c044e0.yml
2019-10-24 14:28:33: Located 1a98b8e6-18ce-4617-8cc5-e65a1a9d490e.yml
2019-10-24 14:48:07: Located 0f4c3c67-845e-49a0-927e-90ed33c044e0.yml
2019-10-24 14:48:07: Located 1a98b8e6-18ce-4617-8cc5-e65a1a9d490e.yml
2019-10-24 14:53:48: Located 0f4c3c67-845e-49a0-927e-90ed33c044e0.yml
2019-10-24 14:53:48: Located 1a98b8e6-18ce-4617-8cc5-e65a1a9d490e.yml
2019-10-24 14:59:47: Located 0f4c3c67-845e-49a0-927e-90ed33c044e0.yml
2019-10-24 14:59:47: Located 1a98b8e6-18ce-4617-8cc5-e65a1a9d490e.yml
2019-10-24 15:19:36: Located 0f4c3c67-845e-49a0-927e-90ed33c044e0.yml
2019-10-24 15:19:36: Located 1a98b8e6-18ce-4617-8cc5-e65a1a9d490e.yml
2019-10-24 15:19:42: Located 0f4c3c67-845e-49a0-927e-90ed33c044e0.yml
2019-10-24 15:19:42: Located 1a98b8e6-18ce-4617-8cc5-e65a1a9d490e.yml
2019-10-24 15:24:25: Located 0f4c3c67-845e-49a0-927e-90ed33c044e0.yml
2019-10-24 15:24:25: Located 1a98b8e6-18ce-4617-8cc5-e65a1a9d490e.yml
2019-10-24 15:26:11: Located 0f4c3c67-845e-49a0-927e-90ed33c044e0.yml
2019-10-24 15:26:11: Located 1a98b8e6-18ce-4617-8cc5-e65a1a9d490e.yml
2019-10-24 15:29:37: Located 0f4c3c67-845e-49a0-927e-90ed33c044e0.yml
2019-10-24 15:29:37: Located 1a98b8e6-18ce-4617-8cc5-e65a1a9d490e.yml
2019-10-24 15:33:31: Located 0f4c3c67-845e-49a0-927e-90ed33c044e0.yml
2019-10-24 15:33:31: Located 1a98b8e6-18ce-4617-8cc5-e65a1a9d490e.yml
2019-10-24 15:52:58: Located 0f4c3c67-845e-49a0-927e-90ed33c044e0.yml
2019-10-24 15:52:58: Located 1a98b8e6-18ce-4617-8cc5-e65a1a9d490e.yml
2019-10-24 16:05:15: Located 0f4c3c67-845e-49a0-927e-90ed33c044e0.yml
2019-10-24 16:05:15: Located 1a98b8e6-18ce-4617-8cc5-e65a1a9d490e.yml
2019-10-24 16:08:17: Located 0f4c3c67-845e-49a0-927e-90ed33c044e0.yml
2019-10-24 16:08:17: Located 1a98b8e6-18ce-4617-8cc5-e65a1a9d490e.yml
2019-10-24 16:23:55: Located 0f4c3c67-845e-49a0-927e-90ed33c044e0.yml
2019-10-24 16:23:55: Located 1a98b8e6-18ce-4617-8cc5-e65a1a9d490e.yml
2019-10-24 16:31:56: Located 0f4c3c67-845e-49a0-927e-90ed33c044e0.yml
2019-10-24 16:31:56: Located 1a98b8e6-18ce-4617-8cc5-e65a1a9d490e.yml
2019-10-24 16:34:42: Located 0f4c3c67-845e-49a0-927e-90ed33c044e0.yml
2019-10-24 16:34:42: Located 1a98b8e6-18ce-4617-8cc5-e65a1a9d490e.yml
2019-10-24 16:37:02: Located 0f4c3c67-845e-49a0-927e-90ed33c044e0.yml
2019-10-24 16:37:02: Located 1a98b8e6-18ce-4617-8cc5-e65a1a9d490e.yml
2019-10-24 16:40:26: Located 0f4c3c67-845e-49a0-927e-90ed33c044e0.yml
2019-10-24 16:40:26: Located 1a98b8e6-18ce-4617-8cc5-e65a1a9d490e.yml
2019-10-24 16:44:36: Located 0f4c3c67-845e-49a0-927e-90ed33c044e0.yml
2019-10-24 16:44:36: Located 1a98b8e6-18ce-4617-8cc5-e65a1a9d490e.yml
2019-10-24 16:48:28: Located 0f4c3c67-845e-49a0-927e-90ed33c044e0.yml
2019-10-24 16:48:28: Located 1a98b8e6-18ce-4617-8cc5-e65a1a9d490e.yml
2019-10-24 16:50:45: Located 0f4c3c67-845e-49a0-927e-90ed33c044e0.yml
2019-10-24 16:50:45: Located 1a98b8e6-18ce-4617-8cc5-e65a1a9d490e.yml
2019-10-24 16:56:31: Located 0f4c3c67-845e-49a0-927e-90ed33c044e0.yml
2019-10-24 16:56:31: Located 1a98b8e6-18ce-4617-8cc5-e65a1a9d490e.yml
2019-10-24 16:57:36: Located 0f4c3c67-845e-49a0-927e-90ed33c044e0.yml
2019-10-24 16:57:36: Located 1a98b8e6-18ce-4617-8cc5-e65a1a9d490e.yml
2019-10-24 16:59:46: Located 0f4c3c67-845e-49a0-927e-90ed33c044e0.yml
2019-10-24 16:59:46: Located 1a98b8e6-18ce-4617-8cc5-e65a1a9d490e.yml
2019-10-24 17:03:29: Located 0f4c3c67-845e-49a0-927e-90ed33c044e0.yml
2019-10-24 17:03:29: Located 1a98b8e6-18ce-4617-8cc5-e65a1a9d490e.yml
2019-10-24 17:07:21: Located 0f4c3c67-845e-49a0-927e-90ed33c044e0.yml
2019-10-24 17:07:21: Located 1a98b8e6-18ce-4617-8cc5-e65a1a9d490e.yml
2019-10-24 17:09:58: Located 0f4c3c67-845e-49a0-927e-90ed33c044e0.yml
2019-10-24 17:09:58: Located 1a98b8e6-18ce-4617-8cc5-e65a1a9d490e.yml
2019-10-24 17:15:41: Located 0f4c3c67-845e-49a0-927e-90ed33c044e0.yml
2019-10-24 17:15:41: Located 1a98b8e6-18ce-4617-8cc5-e65a1a9d490e.yml
2019-10-24 17:34:32: Located 0f4c3c67-845e-49a0-927e-90ed33c044e0.yml
2019-10-24 17:34:32: Located 1a98b8e6-18ce-4617-8cc5-e65a1a9d490e.yml
2019-10-25 10:01:42: Located 0f4c3c67-845e-49a0-927e-90ed33c044e0.yml
2019-10-25 10:01:42: Located 1a98b8e6-18ce-4617-8cc5-e65a1a9d490e.yml
2019-10-25 10:15:38: Located 0f4c3c67-845e-49a0-927e-90ed33c044e0.yml
2019-10-25 10:15:38: Located 1a98b8e6-18ce-4617-8cc5-e65a1a9d490e.yml
2019-10-25 10:23:08: Located 0f4c3c67-845e-49a0-927e-90ed33c044e0.yml
2019-10-25 10:23:08: Located 1a98b8e6-18ce-4617-8cc5-e65a1a9d490e.yml
2019-10-25 10:34:25: Located 0f4c3c67-845e-49a0-927e-90ed33c044e0.yml
2019-10-25 10:34:25: Located 1a98b8e6-18ce-4617-8cc5-e65a1a9d490e.yml
2019-10-25 10:48:35: Located 0f4c3c67-845e-49a0-927e-90ed33c044e0.yml
2019-10-25 10:48:35: Located 1a98b8e6-18ce-4617-8cc5-e65a1a9d490e.yml
2019-10-25 11:36:29: Located 0f4c3c67-845e-49a0-927e-90ed33c044e0.yml
2019-10-25 11:36:29: Located 1a98b8e6-18ce-4617-8cc5-e65a1a9d490e.yml
2019-10-25 12:06:56: Located 0f4c3c67-845e-49a0-927e-90ed33c044e0.yml
2019-10-25 12:06:56: Located 1a98b8e6-18ce-4617-8cc5-e65a1a9d490e.yml
2019-10-25 12:11:20: Located 0f4c3c67-845e-49a0-927e-90ed33c044e0.yml
2019-10-25 12:11:20: Located 1a98b8e6-18ce-4617-8cc5-e65a1a9d490e.yml
2019-10-25 12:15:02: Located 0f4c3c67-845e-49a0-927e-90ed33c044e0.yml
2019-10-25 12:15:02: Located 1a98b8e6-18ce-4617-8cc5-e65a1a9d490e.yml
2019-10-25 12:34:58: Located 0f4c3c67-845e-49a0-927e-90ed33c044e0.yml
2019-10-25 12:34:58: Located 1a98b8e6-18ce-4617-8cc5-e65a1a9d490e.yml
2019-10-25 12:39:32: Located 0f4c3c67-845e-49a0-927e-90ed33c044e0.yml
2019-10-25 12:39:32: Located 1a98b8e6-18ce-4617-8cc5-e65a1a9d490e.yml
2019-10-25 12:54:47: Located 0f4c3c67-845e-49a0-927e-90ed33c044e0.yml
2019-10-25 12:54:47: Located 1a98b8e6-18ce-4617-8cc5-e65a1a9d490e.yml
2019-10-25 13:01:06: Located 0f4c3c67-845e-49a0-927e-90ed33c044e0.yml
2019-10-25 13:01:06: Located 1a98b8e6-18ce-4617-8cc5-e65a1a9d490e.yml
2019-10-25 13:05:55: Located 0f4c3c67-845e-49a0-927e-90ed33c044e0.yml
2019-10-25 13:05:55: Located 1a98b8e6-18ce-4617-8cc5-e65a1a9d490e.yml
2019-10-25 14:10:14: Located 0f4c3c67-845e-49a0-927e-90ed33c044e0.yml
2019-10-25 14:10:14: Located 1a98b8e6-18ce-4617-8cc5-e65a1a9d490e.yml
2019-10-25 14:13:07: Located 0f4c3c67-845e-49a0-927e-90ed33c044e0.yml
2019-10-25 14:13:07: Located 1a98b8e6-18ce-4617-8cc5-e65a1a9d490e.yml
2019-10-25 14:16:47: Located 0f4c3c67-845e-49a0-927e-90ed33c044e0.yml
2019-10-25 14:16:47: Located 1a98b8e6-18ce-4617-8cc5-e65a1a9d490e.yml
2019-10-25 14:26:56: Located 0f4c3c67-845e-49a0-927e-90ed33c044e0.yml
2019-10-25 14:26:56: Located 1a98b8e6-18ce-4617-8cc5-e65a1a9d490e.yml
2019-10-25 14:40:04: Located 0f4c3c67-845e-49a0-927e-90ed33c044e0.yml
2019-10-25 14:40:04: Located 1a98b8e6-18ce-4617-8cc5-e65a1a9d490e.yml
2019-10-25 14:54:58: Located 0f4c3c67-845e-49a0-927e-90ed33c044e0.yml
2019-10-25 14:54:58: Located 1a98b8e6-18ce-4617-8cc5-e65a1a9d490e.yml
2019-10-28 09:40:45: Located 0f4c3c67-845e-49a0-927e-90ed33c044e0.yml
2019-10-28 09:40:45: Located 1a98b8e6-18ce-4617-8cc5-e65a1a9d490e.yml
2019-10-28 10:11:37: Located 0f4c3c67-845e-49a0-927e-90ed33c044e0.yml
2019-10-28 10:11:37: Located 1a98b8e6-18ce-4617-8cc5-e65a1a9d490e.yml
2019-10-28 10:40:46: Located 0f4c3c67-845e-49a0-927e-90ed33c044e0.yml
2019-10-28 10:40:46: Located 1a98b8e6-18ce-4617-8cc5-e65a1a9d490e.yml
2019-10-28 10:47:10: Located 0f4c3c67-845e-49a0-927e-90ed33c044e0.yml
2019-10-28 10:47:10: Located 1a98b8e6-18ce-4617-8cc5-e65a1a9d490e.yml
2019-10-28 11:04:24: Located 0f4c3c67-845e-49a0-927e-90ed33c044e0.yml
2019-10-28 11:04:24: Located 1a98b8e6-18ce-4617-8cc5-e65a1a9d490e.yml
2019-10-28 11:11:33: Located 0f4c3c67-845e-49a0-927e-90ed33c044e0.yml
2019-10-28 11:11:33: Located 1a98b8e6-18ce-4617-8cc5-e65a1a9d490e.yml
2019-10-28 11:16:12: Located 0f4c3c67-845e-49a0-927e-90ed33c044e0.yml
2019-10-28 11:16:12: Located 1a98b8e6-18ce-4617-8cc5-e65a1a9d490e.yml
2019-10-28 11:22:04: Located 0f4c3c67-845e-49a0-927e-90ed33c044e0.yml
2019-10-28 11:22:04: Located 1a98b8e6-18ce-4617-8cc5-e65a1a9d490e.yml
2019-10-28 11:22:32: Located 0f4c3c67-845e-49a0-927e-90ed33c044e0.yml
2019-10-28 11:22:32: Located 1a98b8e6-18ce-4617-8cc5-e65a1a9d490e.yml
2019-10-28 11:25:06: Located 0f4c3c67-845e-49a0-927e-90ed33c044e0.yml
2019-10-28 11:25:06: Located 1a98b8e6-18ce-4617-8cc5-e65a1a9d490e.yml
2019-10-28 11:28:28: Located 0f4c3c67-845e-49a0-927e-90ed33c044e0.yml
2019-10-28 11:28:28: Located 1a98b8e6-18ce-4617-8cc5-e65a1a9d490e.yml
2019-10-28 11:36:15: Located 0f4c3c67-845e-49a0-927e-90ed33c044e0.yml
2019-10-28 11:36:15: Located 1a98b8e6-18ce-4617-8cc5-e65a1a9d490e.yml
2019-10-28 11:39:12: Located 0f4c3c67-845e-49a0-927e-90ed33c044e0.yml
2019-10-28 11:39:12: Located 1a98b8e6-18ce-4617-8cc5-e65a1a9d490e.yml
2019-10-28 11:42:30: Located 0f4c3c67-845e-49a0-927e-90ed33c044e0.yml
2019-10-28 11:42:30: Located 1a98b8e6-18ce-4617-8cc5-e65a1a9d490e.yml
2019-10-28 11:48:50: Located 0f4c3c67-845e-49a0-927e-90ed33c044e0.yml
2019-10-28 11:48:50: Located 1a98b8e6-18ce-4617-8cc5-e65a1a9d490e.yml
2019-10-28 11:58:08: Located 0f4c3c67-845e-49a0-927e-90ed33c044e0.yml
2019-10-28 11:58:08: Located 1a98b8e6-18ce-4617-8cc5-e65a1a9d490e.yml
2019-10-28 12:16:58: Located 0f4c3c67-845e-49a0-927e-90ed33c044e0.yml
2019-10-28 12:16:58: Located 1a98b8e6-18ce-4617-8cc5-e65a1a9d490e.yml
2019-10-28 12:38:45: Located 0f4c3c67-845e-49a0-927e-90ed33c044e0.yml
2019-10-28 12:38:45: Located 1a98b8e6-18ce-4617-8cc5-e65a1a9d490e.yml
2019-10-28 12:44:54: Located 0f4c3c67-845e-49a0-927e-90ed33c044e0.yml
2019-10-28 12:44:54: Located 1a98b8e6-18ce-4617-8cc5-e65a1a9d490e.yml
2019-10-28 12:51:02: Located 0f4c3c67-845e-49a0-927e-90ed33c044e0.yml
2019-10-28 12:51:02: Located 1a98b8e6-18ce-4617-8cc5-e65a1a9d490e.yml
2019-10-28 12:55:58: Located 0f4c3c67-845e-49a0-927e-90ed33c044e0.yml
2019-10-28 12:55:58: Located 1a98b8e6-18ce-4617-8cc5-e65a1a9d490e.yml
2019-10-28 14:01:50: Located 0f4c3c67-845e-49a0-927e-90ed33c044e0.yml
2019-10-28 14:01:50: Located 1a98b8e6-18ce-4617-8cc5-e65a1a9d490e.yml
2019-10-28 14:38:21: Located 0f4c3c67-845e-49a0-927e-90ed33c044e0.yml
2019-10-28 14:38:21: Located 1a98b8e6-18ce-4617-8cc5-e65a1a9d490e.yml
2019-10-28 14:48:33: Located 0f4c3c67-845e-49a0-927e-90ed33c044e0.yml
2019-10-28 14:48:33: Located 1a98b8e6-18ce-4617-8cc5-e65a1a9d490e.yml
2019-10-28 14:55:06: Located 0f4c3c67-845e-49a0-927e-90ed33c044e0.yml
2019-10-28 14:55:06: Located 1a98b8e6-18ce-4617-8cc5-e65a1a9d490e.yml
2019-10-28 14:56:39: Located 0f4c3c67-845e-49a0-927e-90ed33c044e0.yml
2019-10-28 14:56:39: Located 1a98b8e6-18ce-4617-8cc5-e65a1a9d490e.yml
2019-10-28 14:58:08: Located 0f4c3c67-845e-49a0-927e-90ed33c044e0.yml
2019-10-28 14:58:08: Located 1a98b8e6-18ce-4617-8cc5-e65a1a9d490e.yml
2019-10-28 15:00:40: Located 0f4c3c67-845e-49a0-927e-90ed33c044e0.yml
2019-10-28 15:00:40: Located 1a98b8e6-18ce-4617-8cc5-e65a1a9d490e.yml
2019-10-28 15:04:58: Located 0f4c3c67-845e-49a0-927e-90ed33c044e0.yml
2019-10-28 15:04:58: Located 1a98b8e6-18ce-4617-8cc5-e65a1a9d490e.yml
2019-10-28 15:06:46: Located 0f4c3c67-845e-49a0-927e-90ed33c044e0.yml
2019-10-28 15:06:46: Located 1a98b8e6-18ce-4617-8cc5-e65a1a9d490e.yml
2019-10-28 15:12:47: Located 0f4c3c67-845e-49a0-927e-90ed33c044e0.yml
2019-10-28 15:12:47: Located 1a98b8e6-18ce-4617-8cc5-e65a1a9d490e.yml
2019-10-28 15:20:15: Located 0f4c3c67-845e-49a0-927e-90ed33c044e0.yml
2019-10-28 15:20:15: Located 1a98b8e6-18ce-4617-8cc5-e65a1a9d490e.yml
2019-10-28 15:24:18: Located 0f4c3c67-845e-49a0-927e-90ed33c044e0.yml
2019-10-28 15:24:18: Located 1a98b8e6-18ce-4617-8cc5-e65a1a9d490e.yml
2019-10-28 15:35:12: Located 0f4c3c67-845e-49a0-927e-90ed33c044e0.yml
2019-10-28 15:35:12: Located 1a98b8e6-18ce-4617-8cc5-e65a1a9d490e.yml
2019-10-28 15:57:26: Located 0f4c3c67-845e-49a0-927e-90ed33c044e0.yml
2019-10-28 15:57:26: Located 1a98b8e6-18ce-4617-8cc5-e65a1a9d490e.yml
2019-10-28 16:00:07: Located 0f4c3c67-845e-49a0-927e-90ed33c044e0.yml
2019-10-28 16:00:07: Located 1a98b8e6-18ce-4617-8cc5-e65a1a9d490e.yml
2019-10-28 16:04:05: Located 0f4c3c67-845e-49a0-927e-90ed33c044e0.yml
2019-10-28 16:04:05: Located 1a98b8e6-18ce-4617-8cc5-e65a1a9d490e.yml
2019-10-28 16:09:09: Located 0f4c3c67-845e-49a0-927e-90ed33c044e0.yml
2019-10-28 16:09:09: Located 1a98b8e6-18ce-4617-8cc5-e65a1a9d490e.yml
2019-10-28 16:14:08: Located 0f4c3c67-845e-49a0-927e-90ed33c044e0.yml
2019-10-28 16:14:08: Located 1a98b8e6-18ce-4617-8cc5-e65a1a9d490e.yml
2019-10-28 16:20:27: Located 0f4c3c67-845e-49a0-927e-90ed33c044e0.yml
2019-10-28 16:20:27: Located 1a98b8e6-18ce-4617-8cc5-e65a1a9d490e.yml
2019-10-28 16:40:20: Located 0f4c3c67-845e-49a0-927e-90ed33c044e0.yml
2019-10-28 16:40:20: Located 1a98b8e6-18ce-4617-8cc5-e65a1a9d490e.yml
2019-10-28 17:13:26: Located 0f4c3c67-845e-49a0-927e-90ed33c044e0.yml
2019-10-28 17:13:26: Located 1a98b8e6-18ce-4617-8cc5-e65a1a9d490e.yml
2019-10-28 17:18:19: Located 0f4c3c67-845e-49a0-927e-90ed33c044e0.yml
2019-10-28 17:18:19: Located 1a98b8e6-18ce-4617-8cc5-e65a1a9d490e.yml
2019-10-30 16:34:46: Located 0f4c3c67-845e-49a0-927e-90ed33c044e0.yml
2019-10-30 16:34:46: Located 1a98b8e6-18ce-4617-8cc5-e65a1a9d490e.yml
2019-10-30 16:43:31: Located 0f4c3c67-845e-49a0-927e-90ed33c044e0.yml
2019-10-30 16:43:31: Located 1a98b8e6-18ce-4617-8cc5-e65a1a9d490e.yml
2019-10-30 16:47:07: Located 0f4c3c67-845e-49a0-927e-90ed33c044e0.yml
2019-10-30 16:47:07: Located 1a98b8e6-18ce-4617-8cc5-e65a1a9d490e.yml
2019-10-30 16:54:29: Located 0f4c3c67-845e-49a0-927e-90ed33c044e0.yml
2019-10-30 16:54:29: Located 1a98b8e6-18ce-4617-8cc5-e65a1a9d490e.yml
2019-10-30 17:04:01: Located 0f4c3c67-845e-49a0-927e-90ed33c044e0.yml
2019-10-30 17:04:01: Located 1a98b8e6-18ce-4617-8cc5-e65a1a9d490e.yml
2019-10-30 17:13:32: Located 0f4c3c67-845e-49a0-927e-90ed33c044e0.yml
2019-10-30 17:13:32: Located 1a98b8e6-18ce-4617-8cc5-e65a1a9d490e.yml
2019-10-31 10:07:18: Located 0f4c3c67-845e-49a0-927e-90ed33c044e0.yml
2019-10-31 10:07:18: Located 1a98b8e6-18ce-4617-8cc5-e65a1a9d490e.yml
2019-10-31 10:20:41: Located 0f4c3c67-845e-49a0-927e-90ed33c044e0.yml
2019-10-31 10:20:41: Located 1a98b8e6-18ce-4617-8cc5-e65a1a9d490e.yml
2019-10-31 11:34:56: Located 0f4c3c67-845e-49a0-927e-90ed33c044e0.yml
2019-10-31 11:34:56: Located 1a98b8e6-18ce-4617-8cc5-e65a1a9d490e.yml
2019-11-04 10:00:06: Located 0f4c3c67-845e-49a0-927e-90ed33c044e0.yml
2019-11-04 10:00:06: Located 1a98b8e6-18ce-4617-8cc5-e65a1a9d490e.yml
2019-11-04 10:47:21: Located 0f4c3c67-845e-49a0-927e-90ed33c044e0.yml
2019-11-04 10:47:21: Located 1a98b8e6-18ce-4617-8cc5-e65a1a9d490e.yml
2019-11-04 10:57:41: Located 0f4c3c67-845e-49a0-927e-90ed33c044e0.yml
2019-11-04 10:57:41: Located 1a98b8e6-18ce-4617-8cc5-e65a1a9d490e.yml
2019-11-04 11:09:41: Located 0f4c3c67-845e-49a0-927e-90ed33c044e0.yml
2019-11-04 11:09:41: Located 1a98b8e6-18ce-4617-8cc5-e65a1a9d490e.yml
2019-11-04 12:19:53: Located 0f4c3c67-845e-49a0-927e-90ed33c044e0.yml
2019-11-04 12:19:53: Located 1a98b8e6-18ce-4617-8cc5-e65a1a9d490e.yml
2019-11-04 12:21:01: Located 0f4c3c67-845e-49a0-927e-90ed33c044e0.yml
2019-11-04 12:21:01: Located 1a98b8e6-18ce-4617-8cc5-e65a1a9d490e.yml
2019-11-04 12:24:55: Located 0f4c3c67-845e-49a0-927e-90ed33c044e0.yml
2019-11-04 12:24:56: Located 1a98b8e6-18ce-4617-8cc5-e65a1a9d490e.yml
2019-11-04 12:27:51: Located 0f4c3c67-845e-49a0-927e-90ed33c044e0.yml
2019-11-04 12:27:51: Located 1a98b8e6-18ce-4617-8cc5-e65a1a9d490e.yml
2019-11-04 12:39:52: Located 0f4c3c67-845e-49a0-927e-90ed33c044e0.yml
2019-11-04 12:39:52: Located 1a98b8e6-18ce-4617-8cc5-e65a1a9d490e.yml
2019-11-04 12:54:59: Located 0f4c3c67-845e-49a0-927e-90ed33c044e0.yml
2019-11-04 12:54:59: Located 1a98b8e6-18ce-4617-8cc5-e65a1a9d490e.yml
2019-11-14 17:51:09: Located 0f4c3c67-845e-49a0-927e-90ed33c044e0.yml
2019-11-14 17:51:09: Located 1a98b8e6-18ce-4617-8cc5-e65a1a9d490e.yml
2019-11-14 17:54:00: Located 0f4c3c67-845e-49a0-927e-90ed33c044e0.yml
2019-11-14 17:54:00: Located 1a98b8e6-18ce-4617-8cc5-e65a1a9d490e.yml
2019-11-14 17:56:19: Located 0f4c3c67-845e-49a0-927e-90ed33c044e0.yml
2019-11-14 17:56:19: Located 1a98b8e6-18ce-4617-8cc5-e65a1a9d490e.yml
2019-11-14 17:59:12: Located 0f4c3c67-845e-49a0-927e-90ed33c044e0.yml
2019-11-14 17:59:12: Located 1a98b8e6-18ce-4617-8cc5-e65a1a9d490e.yml
2019-11-15 09:09:00: Located 0f4c3c67-845e-49a0-927e-90ed33c044e0.yml
2019-11-15 09:09:00: Located 1a98b8e6-18ce-4617-8cc5-e65a1a9d490e.yml
2019-11-15 09:11:59: Located 0f4c3c67-845e-49a0-927e-90ed33c044e0.yml
2019-11-15 09:11:59: Located 1a98b8e6-18ce-4617-8cc5-e65a1a9d490e.yml
2019-11-15 09:28:19: Located 0f4c3c67-845e-49a0-927e-90ed33c044e0.yml
2019-11-15 09:28:19: Located 1a98b8e6-18ce-4617-8cc5-e65a1a9d490e.yml
2019-11-15 09:30:03: Located 0f4c3c67-845e-49a0-927e-90ed33c044e0.yml
2019-11-15 09:30:03: Located 1a98b8e6-18ce-4617-8cc5-e65a1a9d490e.yml
2019-11-15 10:17:43: Located 0f4c3c67-845e-49a0-927e-90ed33c044e0.yml
2019-11-15 10:17:43: Located 1a98b8e6-18ce-4617-8cc5-e65a1a9d490e.yml
2019-11-15 10:20:35: Located 0f4c3c67-845e-49a0-927e-90ed33c044e0.yml
2019-11-15 10:20:35: Located 1a98b8e6-18ce-4617-8cc5-e65a1a9d490e.yml
2019-11-15 11:40:50: Located 0f4c3c67-845e-49a0-927e-90ed33c044e0.yml
2019-11-15 11:40:50: Located 1a98b8e6-18ce-4617-8cc5-e65a1a9d490e.yml
2019-11-15 11:45:59: Located 0f4c3c67-845e-49a0-927e-90ed33c044e0.yml
2019-11-15 11:45:59: Located 1a98b8e6-18ce-4617-8cc5-e65a1a9d490e.yml
2019-11-15 12:22:55: Located 0f4c3c67-845e-49a0-927e-90ed33c044e0.yml
2019-11-15 12:22:55: Located 1a98b8e6-18ce-4617-8cc5-e65a1a9d490e.yml
2019-11-15 12:24:06: Located 0f4c3c67-845e-49a0-927e-90ed33c044e0.yml
2019-11-15 12:24:06: Located 1a98b8e6-18ce-4617-8cc5-e65a1a9d490e.yml
2019-11-15 12:26:07: Located 0f4c3c67-845e-49a0-927e-90ed33c044e0.yml
2019-11-15 12:26:07: Located 1a98b8e6-18ce-4617-8cc5-e65a1a9d490e.yml
2019-11-15 14:05:37: Located 0f4c3c67-845e-49a0-927e-90ed33c044e0.yml
2019-11-15 14:05:37: Located 1a98b8e6-18ce-4617-8cc5-e65a1a9d490e.yml
2019-11-15 14:18:29: Located 0f4c3c67-845e-49a0-927e-90ed33c044e0.yml
2019-11-15 14:18:29: Located 1a98b8e6-18ce-4617-8cc5-e65a1a9d490e.yml
2019-11-15 15:52:45: Located 0f4c3c67-845e-49a0-927e-90ed33c044e0.yml
2019-11-15 15:52:45: Located 1a98b8e6-18ce-4617-8cc5-e65a1a9d490e.yml
2019-11-15 17:13:39: Located 0f4c3c67-845e-49a0-927e-90ed33c044e0.yml
2019-11-15 17:13:39: Located 1a98b8e6-18ce-4617-8cc5-e65a1a9d490e.yml
2019-11-15 17:15:46: Located 0f4c3c67-845e-49a0-927e-90ed33c044e0.yml
2019-11-15 17:15:46: Located 1a98b8e6-18ce-4617-8cc5-e65a1a9d490e.yml
2019-11-15 17:21:15: Located 0f4c3c67-845e-49a0-927e-90ed33c044e0.yml
2019-11-15 17:21:15: Located 1a98b8e6-18ce-4617-8cc5-e65a1a9d490e.yml
2019-11-15 17:24:28: Located 0f4c3c67-845e-49a0-927e-90ed33c044e0.yml
2019-11-15 17:24:28: Located 1a98b8e6-18ce-4617-8cc5-e65a1a9d490e.yml
2019-11-15 17:25:57: Located 0f4c3c67-845e-49a0-927e-90ed33c044e0.yml
2019-11-15 17:25:57: Located 1a98b8e6-18ce-4617-8cc5-e65a1a9d490e.yml
2019-11-15 17:29:39: Located 0f4c3c67-845e-49a0-927e-90ed33c044e0.yml
2019-11-15 17:29:39: Located 1a98b8e6-18ce-4617-8cc5-e65a1a9d490e.yml
2019-11-15 17:30:51: Located 0f4c3c67-845e-49a0-927e-90ed33c044e0.yml
2019-11-15 17:30:51: Located 1a98b8e6-18ce-4617-8cc5-e65a1a9d490e.yml
2019-11-15 17:31:57: Located 0f4c3c67-845e-49a0-927e-90ed33c044e0.yml
2019-11-15 17:31:57: Located 1a98b8e6-18ce-4617-8cc5-e65a1a9d490e.yml
2019-11-15 18:07:21: Located 0f4c3c67-845e-49a0-927e-90ed33c044e0.yml
2019-11-15 18:07:21: Located 1a98b8e6-18ce-4617-8cc5-e65a1a9d490e.yml
2019-11-15 18:12:04: Located 0f4c3c67-845e-49a0-927e-90ed33c044e0.yml
2019-11-15 18:12:04: Located 1a98b8e6-18ce-4617-8cc5-e65a1a9d490e.yml
2019-11-15 18:13:27: Located 0f4c3c67-845e-49a0-927e-90ed33c044e0.yml
2019-11-15 18:13:27: Located 1a98b8e6-18ce-4617-8cc5-e65a1a9d490e.yml
2019-11-15 18:31:03: Located 0f4c3c67-845e-49a0-927e-90ed33c044e0.yml
2019-11-15 18:31:03: Located 1a98b8e6-18ce-4617-8cc5-e65a1a9d490e.yml
2019-11-15 18:33:54: Located 0f4c3c67-845e-49a0-927e-90ed33c044e0.yml
2019-11-15 18:33:54: Located 1a98b8e6-18ce-4617-8cc5-e65a1a9d490e.yml
2019-11-15 18:36:55: Located 0f4c3c67-845e-49a0-927e-90ed33c044e0.yml
2019-11-15 18:36:55: Located 1a98b8e6-18ce-4617-8cc5-e65a1a9d490e.yml
2019-11-15 18:40:03: Located 0f4c3c67-845e-49a0-927e-90ed33c044e0.yml
2019-11-15 18:40:03: Located 1a98b8e6-18ce-4617-8cc5-e65a1a9d490e.yml
2019-11-15 18:43:52: Located 0f4c3c67-845e-49a0-927e-90ed33c044e0.yml
2019-11-15 18:43:52: Located 1a98b8e6-18ce-4617-8cc5-e65a1a9d490e.yml
2019-11-18 09:48:20: Located 0f4c3c67-845e-49a0-927e-90ed33c044e0.yml
2019-11-18 09:48:20: Located 1a98b8e6-18ce-4617-8cc5-e65a1a9d490e.yml
2019-11-18 09:51:46: Located 0f4c3c67-845e-49a0-927e-90ed33c044e0.yml
2019-11-18 09:51:46: Located 1a98b8e6-18ce-4617-8cc5-e65a1a9d490e.yml
2019-11-18 09:54:53: Located 0f4c3c67-845e-49a0-927e-90ed33c044e0.yml
2019-11-18 09:54:53: Located 1a98b8e6-18ce-4617-8cc5-e65a1a9d490e.yml
2019-11-18 09:57:07: Located 0f4c3c67-845e-49a0-927e-90ed33c044e0.yml
2019-11-18 09:57:07: Located 1a98b8e6-18ce-4617-8cc5-e65a1a9d490e.yml
2019-11-18 10:03:40: Located 0f4c3c67-845e-49a0-927e-90ed33c044e0.yml
2019-11-18 10:03:40: Located 1a98b8e6-18ce-4617-8cc5-e65a1a9d490e.yml
2019-11-18 10:09:56: Located 0f4c3c67-845e-49a0-927e-90ed33c044e0.yml
2019-11-18 10:09:56: Located 1a98b8e6-18ce-4617-8cc5-e65a1a9d490e.yml
2019-11-18 10:14:42: Located 0f4c3c67-845e-49a0-927e-90ed33c044e0.yml
2019-11-18 10:14:42: Located 1a98b8e6-18ce-4617-8cc5-e65a1a9d490e.yml
2019-11-18 10:39:34: Located 0f4c3c67-845e-49a0-927e-90ed33c044e0.yml
2019-11-18 10:39:34: Located 1a98b8e6-18ce-4617-8cc5-e65a1a9d490e.yml
2019-11-18 10:44:53: Located 0f4c3c67-845e-49a0-927e-90ed33c044e0.yml
2019-11-18 10:44:53: Located 1a98b8e6-18ce-4617-8cc5-e65a1a9d490e.yml
2019-11-18 10:51:25: Located 0f4c3c67-845e-49a0-927e-90ed33c044e0.yml
2019-11-18 10:51:25: Located 1a98b8e6-18ce-4617-8cc5-e65a1a9d490e.yml
2019-11-18 11:26:43: Located 0f4c3c67-845e-49a0-927e-90ed33c044e0.yml
2019-11-18 11:26:43: Located 1a98b8e6-18ce-4617-8cc5-e65a1a9d490e.yml
2019-11-18 11:43:35: Located 0f4c3c67-845e-49a0-927e-90ed33c044e0.yml
2019-11-18 11:43:35: Located 1a98b8e6-18ce-4617-8cc5-e65a1a9d490e.yml
2019-11-18 11:59:14: Located 0f4c3c67-845e-49a0-927e-90ed33c044e0.yml
2019-11-18 11:59:14: Located 1a98b8e6-18ce-4617-8cc5-e65a1a9d490e.yml
2019-11-18 12:04:42: Located 0f4c3c67-845e-49a0-927e-90ed33c044e0.yml
2019-11-18 12:04:42: Located 1a98b8e6-18ce-4617-8cc5-e65a1a9d490e.yml
2019-11-18 12:10:55: Located 0f4c3c67-845e-49a0-927e-90ed33c044e0.yml
2019-11-18 12:10:55: Located 1a98b8e6-18ce-4617-8cc5-e65a1a9d490e.yml
2019-11-18 12:14:03: Located 0f4c3c67-845e-49a0-927e-90ed33c044e0.yml
2019-11-18 12:14:03: Located 1a98b8e6-18ce-4617-8cc5-e65a1a9d490e.yml
2019-11-18 12:18:24: Located 0f4c3c67-845e-49a0-927e-90ed33c044e0.yml
2019-11-18 12:18:24: Located 1a98b8e6-18ce-4617-8cc5-e65a1a9d490e.yml
2019-11-18 12:23:14: Located 0f4c3c67-845e-49a0-927e-90ed33c044e0.yml
2019-11-18 12:23:14: Located 1a98b8e6-18ce-4617-8cc5-e65a1a9d490e.yml
2019-11-19 10:15:59: Located 0f4c3c67-845e-49a0-927e-90ed33c044e0.yml
2019-11-19 10:15:59: Located 1a98b8e6-18ce-4617-8cc5-e65a1a9d490e.yml
2019-11-19 10:19:08: Located 0f4c3c67-845e-49a0-927e-90ed33c044e0.yml
2019-11-19 10:19:08: Located 1a98b8e6-18ce-4617-8cc5-e65a1a9d490e.yml
2019-11-19 10:54:17: Located 0f4c3c67-845e-49a0-927e-90ed33c044e0.yml
2019-11-19 10:54:17: Located 1a98b8e6-18ce-4617-8cc5-e65a1a9d490e.yml
2019-11-19 11:12:08: Located 0f4c3c67-845e-49a0-927e-90ed33c044e0.yml
2019-11-19 11:12:08: Located 1a98b8e6-18ce-4617-8cc5-e65a1a9d490e.yml
2019-11-19 11:17:07: Located 0f4c3c67-845e-49a0-927e-90ed33c044e0.yml
2019-11-19 11:17:07: Located 1a98b8e6-18ce-4617-8cc5-e65a1a9d490e.yml
2019-11-19 11:18:53: Located 0f4c3c67-845e-49a0-927e-90ed33c044e0.yml
2019-11-19 11:18:53: Located 1a98b8e6-18ce-4617-8cc5-e65a1a9d490e.yml
2019-11-19 11:20:01: Located 0f4c3c67-845e-49a0-927e-90ed33c044e0.yml
2019-11-19 11:20:01: Located 1a98b8e6-18ce-4617-8cc5-e65a1a9d490e.yml
2019-11-19 11:24:51: Located 0f4c3c67-845e-49a0-927e-90ed33c044e0.yml
2019-11-19 11:24:51: Located 1a98b8e6-18ce-4617-8cc5-e65a1a9d490e.yml
2019-11-19 11:32:33: Located 0f4c3c67-845e-49a0-927e-90ed33c044e0.yml
2019-11-19 11:32:33: Located 1a98b8e6-18ce-4617-8cc5-e65a1a9d490e.yml
2019-11-19 11:42:10: Located 0f4c3c67-845e-49a0-927e-90ed33c044e0.yml
2019-11-19 11:42:10: Located 1a98b8e6-18ce-4617-8cc5-e65a1a9d490e.yml
2019-11-19 11:47:05: Located 0f4c3c67-845e-49a0-927e-90ed33c044e0.yml
2019-11-19 11:47:05: Located 1a98b8e6-18ce-4617-8cc5-e65a1a9d490e.yml
2019-11-19 11:52:52: Located 0f4c3c67-845e-49a0-927e-90ed33c044e0.yml
2019-11-19 11:52:52: Located 1a98b8e6-18ce-4617-8cc5-e65a1a9d490e.yml
2019-11-19 11:58:31: Located 0f4c3c67-845e-49a0-927e-90ed33c044e0.yml
2019-11-19 11:58:31: Located 1a98b8e6-18ce-4617-8cc5-e65a1a9d490e.yml
2019-11-19 12:02:04: Located 0f4c3c67-845e-49a0-927e-90ed33c044e0.yml
2019-11-19 12:02:04: Located 1a98b8e6-18ce-4617-8cc5-e65a1a9d490e.yml
2019-11-19 12:03:12: Located 0f4c3c67-845e-49a0-927e-90ed33c044e0.yml
2019-11-19 12:03:12: Located 1a98b8e6-18ce-4617-8cc5-e65a1a9d490e.yml
2019-11-19 12:05:31: Located 0f4c3c67-845e-49a0-927e-90ed33c044e0.yml
2019-11-19 12:05:31: Located 1a98b8e6-18ce-4617-8cc5-e65a1a9d490e.yml
2019-11-19 12:09:52: Located 0f4c3c67-845e-49a0-927e-90ed33c044e0.yml
2019-11-19 12:09:52: Located 1a98b8e6-18ce-4617-8cc5-e65a1a9d490e.yml
2019-11-19 12:12:08: Located 0f4c3c67-845e-49a0-927e-90ed33c044e0.yml
2019-11-19 12:12:08: Located 1a98b8e6-18ce-4617-8cc5-e65a1a9d490e.yml
2019-11-19 12:28:04: Located 0f4c3c67-845e-49a0-927e-90ed33c044e0.yml
2019-11-19 12:28:04: Located 1a98b8e6-18ce-4617-8cc5-e65a1a9d490e.yml
2019-11-19 12:35:22: Located 0f4c3c67-845e-49a0-927e-90ed33c044e0.yml
2019-11-19 12:35:22: Located 1a98b8e6-18ce-4617-8cc5-e65a1a9d490e.yml
2019-11-19 12:41:49: Located 0f4c3c67-845e-49a0-927e-90ed33c044e0.yml
2019-11-19 12:41:49: Located 1a98b8e6-18ce-4617-8cc5-e65a1a9d490e.yml
2019-11-19 12:46:30: Located 0f4c3c67-845e-49a0-927e-90ed33c044e0.yml
2019-11-19 12:46:30: Located 1a98b8e6-18ce-4617-8cc5-e65a1a9d490e.yml
2019-11-19 12:47:49: Located 0f4c3c67-845e-49a0-927e-90ed33c044e0.yml
2019-11-19 12:47:50: Located 1a98b8e6-18ce-4617-8cc5-e65a1a9d490e.yml
2019-11-19 12:49:34: Located 0f4c3c67-845e-49a0-927e-90ed33c044e0.yml
2019-11-19 12:49:34: Located 1a98b8e6-18ce-4617-8cc5-e65a1a9d490e.yml
2019-11-19 12:52:31: Located 0f4c3c67-845e-49a0-927e-90ed33c044e0.yml
2019-11-19 12:52:31: Located 1a98b8e6-18ce-4617-8cc5-e65a1a9d490e.yml
2019-11-19 12:54:35: Located 0f4c3c67-845e-49a0-927e-90ed33c044e0.yml
2019-11-19 12:54:35: Located 1a98b8e6-18ce-4617-8cc5-e65a1a9d490e.yml
2019-11-19 13:44:03: Located 0f4c3c67-845e-49a0-927e-90ed33c044e0.yml
2019-11-19 13:44:03: Located 1a98b8e6-18ce-4617-8cc5-e65a1a9d490e.yml
2019-11-19 13:59:13: Located 0f4c3c67-845e-49a0-927e-90ed33c044e0.yml
2019-11-19 13:59:13: Located 1a98b8e6-18ce-4617-8cc5-e65a1a9d490e.yml
2019-11-19 14:10:07: Located 0f4c3c67-845e-49a0-927e-90ed33c044e0.yml
2019-11-19 14:10:07: Located 1a98b8e6-18ce-4617-8cc5-e65a1a9d490e.yml
2019-11-19 14:27:58: Located 0f4c3c67-845e-49a0-927e-90ed33c044e0.yml
2019-11-19 14:27:58: Located 1a98b8e6-18ce-4617-8cc5-e65a1a9d490e.yml
2019-11-19 14:29:02: Located 0f4c3c67-845e-49a0-927e-90ed33c044e0.yml
2019-11-19 14:29:02: Located 1a98b8e6-18ce-4617-8cc5-e65a1a9d490e.yml
2019-11-19 14:29:06: Located 0f4c3c67-845e-49a0-927e-90ed33c044e0.yml
2019-11-19 14:29:06: Located 1a98b8e6-18ce-4617-8cc5-e65a1a9d490e.yml
2019-11-19 14:30:20: Located 0f4c3c67-845e-49a0-927e-90ed33c044e0.yml
2019-11-19 14:30:20: Located 1a98b8e6-18ce-4617-8cc5-e65a1a9d490e.yml
2019-11-19 14:59:32: Located 0f4c3c67-845e-49a0-927e-90ed33c044e0.yml
2019-11-19 14:59:32: Located 1a98b8e6-18ce-4617-8cc5-e65a1a9d490e.yml
2019-11-19 15:02:15: Located 0f4c3c67-845e-49a0-927e-90ed33c044e0.yml
2019-11-19 15:02:15: Located 1a98b8e6-18ce-4617-8cc5-e65a1a9d490e.yml
2019-11-19 15:13:40: Located 0f4c3c67-845e-49a0-927e-90ed33c044e0.yml
2019-11-19 15:13:40: Located 1a98b8e6-18ce-4617-8cc5-e65a1a9d490e.yml
2019-11-19 15:44:49: Located 0f4c3c67-845e-49a0-927e-90ed33c044e0.yml
2019-11-19 15:44:49: Located 1a98b8e6-18ce-4617-8cc5-e65a1a9d490e.yml
2019-11-19 15:50:05: Located 0f4c3c67-845e-49a0-927e-90ed33c044e0.yml
2019-11-19 15:50:05: Located 1a98b8e6-18ce-4617-8cc5-e65a1a9d490e.yml
2019-11-19 15:52:45: Located 0f4c3c67-845e-49a0-927e-90ed33c044e0.yml
2019-11-19 15:52:45: Located 1a98b8e6-18ce-4617-8cc5-e65a1a9d490e.yml
2019-11-19 16:00:33: Located 0f4c3c67-845e-49a0-927e-90ed33c044e0.yml
2019-11-19 16:00:33: Located 1a98b8e6-18ce-4617-8cc5-e65a1a9d490e.yml
2019-11-19 16:01:31: Located 0f4c3c67-845e-49a0-927e-90ed33c044e0.yml
2019-11-19 16:01:31: Located 1a98b8e6-18ce-4617-8cc5-e65a1a9d490e.yml
2019-11-19 16:11:06: Located 0f4c3c67-845e-49a0-927e-90ed33c044e0.yml
2019-11-19 16:11:06: Located 1a98b8e6-18ce-4617-8cc5-e65a1a9d490e.yml
2019-11-19 16:15:58: Located 0f4c3c67-845e-49a0-927e-90ed33c044e0.yml
2019-11-19 16:15:58: Located 1a98b8e6-18ce-4617-8cc5-e65a1a9d490e.yml
2019-11-19 16:41:32: Located 0f4c3c67-845e-49a0-927e-90ed33c044e0.yml
2019-11-19 16:41:32: Located 1a98b8e6-18ce-4617-8cc5-e65a1a9d490e.yml
2019-11-19 16:49:40: Located 0f4c3c67-845e-49a0-927e-90ed33c044e0.yml
2019-11-19 16:49:40: Located 1a98b8e6-18ce-4617-8cc5-e65a1a9d490e.yml
2019-11-19 17:01:16: Located 0f4c3c67-845e-49a0-927e-90ed33c044e0.yml
2019-11-19 17:01:16: Located 1a98b8e6-18ce-4617-8cc5-e65a1a9d490e.yml
2019-11-19 17:09:37: Located 0f4c3c67-845e-49a0-927e-90ed33c044e0.yml
2019-11-19 17:09:37: Located 1a98b8e6-18ce-4617-8cc5-e65a1a9d490e.yml
2019-11-19 17:30:52: Located 0f4c3c67-845e-49a0-927e-90ed33c044e0.yml
2019-11-19 17:30:52: Located 1a98b8e6-18ce-4617-8cc5-e65a1a9d490e.yml
2019-11-19 17:33:30: Located 0f4c3c67-845e-49a0-927e-90ed33c044e0.yml
2019-11-19 17:33:30: Located 1a98b8e6-18ce-4617-8cc5-e65a1a9d490e.yml
2019-11-20 10:36:46: Located 0f4c3c67-845e-49a0-927e-90ed33c044e0.yml
2019-11-20 10:36:46: Located 1a98b8e6-18ce-4617-8cc5-e65a1a9d490e.yml
2019-11-20 10:38:46: Located 0f4c3c67-845e-49a0-927e-90ed33c044e0.yml
2019-11-20 10:38:46: Located 1a98b8e6-18ce-4617-8cc5-e65a1a9d490e.yml
2019-11-20 10:44:07: Located 0f4c3c67-845e-49a0-927e-90ed33c044e0.yml
2019-11-20 10:44:07: Located 1a98b8e6-18ce-4617-8cc5-e65a1a9d490e.yml
2019-11-20 10:53:46: Located 0f4c3c67-845e-49a0-927e-90ed33c044e0.yml
2019-11-20 10:53:46: Located 1a98b8e6-18ce-4617-8cc5-e65a1a9d490e.yml
2019-11-20 11:21:12: Located 0f4c3c67-845e-49a0-927e-90ed33c044e0.yml
2019-11-20 11:21:12: Located 1a98b8e6-18ce-4617-8cc5-e65a1a9d490e.yml
2019-11-20 11:25:56: Located 0f4c3c67-845e-49a0-927e-90ed33c044e0.yml
2019-11-20 11:25:56: Located 1a98b8e6-18ce-4617-8cc5-e65a1a9d490e.yml
2019-11-20 11:30:11: Located 0f4c3c67-845e-49a0-927e-90ed33c044e0.yml
2019-11-20 11:30:11: Located 1a98b8e6-18ce-4617-8cc5-e65a1a9d490e.yml
2019-11-20 12:07:40: Located 0f4c3c67-845e-49a0-927e-90ed33c044e0.yml
2019-11-20 12:07:40: Located 1a98b8e6-18ce-4617-8cc5-e65a1a9d490e.yml
2019-11-20 12:19:29: Located 0f4c3c67-845e-49a0-927e-90ed33c044e0.yml
2019-11-20 12:19:29: Located 1a98b8e6-18ce-4617-8cc5-e65a1a9d490e.yml
2019-11-20 12:38:25: Located 0f4c3c67-845e-49a0-927e-90ed33c044e0.yml
2019-11-20 12:38:25: Located 1a98b8e6-18ce-4617-8cc5-e65a1a9d490e.yml
2019-11-20 12:39:13: Located 0f4c3c67-845e-49a0-927e-90ed33c044e0.yml
2019-11-20 12:39:13: Located 1a98b8e6-18ce-4617-8cc5-e65a1a9d490e.yml
2019-11-20 12:43:23: Located 0f4c3c67-845e-49a0-927e-90ed33c044e0.yml
2019-11-20 12:43:23: Located 1a98b8e6-18ce-4617-8cc5-e65a1a9d490e.yml
2019-11-20 12:44:32: Located 0f4c3c67-845e-49a0-927e-90ed33c044e0.yml
2019-11-20 12:44:32: Located 1a98b8e6-18ce-4617-8cc5-e65a1a9d490e.yml
2019-11-20 12:53:52: Located 0f4c3c67-845e-49a0-927e-90ed33c044e0.yml
2019-11-20 12:53:52: Located 1a98b8e6-18ce-4617-8cc5-e65a1a9d490e.yml
2019-11-20 14:25:32: Located 0f4c3c67-845e-49a0-927e-90ed33c044e0.yml
2019-11-20 14:25:32: Located 1a98b8e6-18ce-4617-8cc5-e65a1a9d490e.yml
2019-11-20 14:28:03: Located 0f4c3c67-845e-49a0-927e-90ed33c044e0.yml
2019-11-20 14:28:03: Located 1a98b8e6-18ce-4617-8cc5-e65a1a9d490e.yml
2019-11-20 15:13:59: Located 0f4c3c67-845e-49a0-927e-90ed33c044e0.yml
2019-11-20 15:13:59: Located 1a98b8e6-18ce-4617-8cc5-e65a1a9d490e.yml
2019-11-20 16:20:38: Located 0f4c3c67-845e-49a0-927e-90ed33c044e0.yml
2019-11-20 16:20:38: Located 1a98b8e6-18ce-4617-8cc5-e65a1a9d490e.yml
2019-11-20 16:51:05: Located 0f4c3c67-845e-49a0-927e-90ed33c044e0.yml
2019-11-20 16:51:05: Located 1a98b8e6-18ce-4617-8cc5-e65a1a9d490e.yml
2019-11-20 17:10:43: Located 0f4c3c67-845e-49a0-927e-90ed33c044e0.yml
2019-11-20 17:10:43: Located 1a98b8e6-18ce-4617-8cc5-e65a1a9d490e.yml
2019-11-20 18:30:57: Located 0f4c3c67-845e-49a0-927e-90ed33c044e0.yml
2019-11-20 18:30:57: Located 1a98b8e6-18ce-4617-8cc5-e65a1a9d490e.yml
2019-11-20 18:32:27: Located 0f4c3c67-845e-49a0-927e-90ed33c044e0.yml
2019-11-20 18:32:27: Located 1a98b8e6-18ce-4617-8cc5-e65a1a9d490e.yml
2019-11-20 18:36:38: Located 0f4c3c67-845e-49a0-927e-90ed33c044e0.yml
2019-11-20 18:36:38: Located 1a98b8e6-18ce-4617-8cc5-e65a1a9d490e.yml
2019-11-20 21:46:50: Located 0f4c3c67-845e-49a0-927e-90ed33c044e0.yml
2019-11-20 21:46:50: Located 1a98b8e6-18ce-4617-8cc5-e65a1a9d490e.yml
2019-11-20 22:19:34: Located 0f4c3c67-845e-49a0-927e-90ed33c044e0.yml
2019-11-20 22:19:34: Located 1a98b8e6-18ce-4617-8cc5-e65a1a9d490e.yml
2019-11-20 22:30:26: Located 0f4c3c67-845e-49a0-927e-90ed33c044e0.yml
2019-11-20 22:30:26: Located 1a98b8e6-18ce-4617-8cc5-e65a1a9d490e.yml
2019-11-20 22:36:01: Located 0f4c3c67-845e-49a0-927e-90ed33c044e0.yml
2019-11-20 22:36:01: Located 1a98b8e6-18ce-4617-8cc5-e65a1a9d490e.yml
2019-11-20 22:45:03: Located 0f4c3c67-845e-49a0-927e-90ed33c044e0.yml
2019-11-20 22:45:03: Located 1a98b8e6-18ce-4617-8cc5-e65a1a9d490e.yml
2019-11-20 22:50:02: Located 0f4c3c67-845e-49a0-927e-90ed33c044e0.yml
2019-11-20 22:50:02: Located 1a98b8e6-18ce-4617-8cc5-e65a1a9d490e.yml
2019-11-20 22:51:58: Located 0f4c3c67-845e-49a0-927e-90ed33c044e0.yml
2019-11-20 22:51:58: Located 1a98b8e6-18ce-4617-8cc5-e65a1a9d490e.yml
2019-11-20 22:56:06: Located 0f4c3c67-845e-49a0-927e-90ed33c044e0.yml
2019-11-20 22:56:06: Located 1a98b8e6-18ce-4617-8cc5-e65a1a9d490e.yml
2019-11-20 22:59:47: Located 0f4c3c67-845e-49a0-927e-90ed33c044e0.yml
2019-11-20 22:59:47: Located 1a98b8e6-18ce-4617-8cc5-e65a1a9d490e.yml
2019-11-20 23:03:50: Located 0f4c3c67-845e-49a0-927e-90ed33c044e0.yml
2019-11-20 23:03:50: Located 1a98b8e6-18ce-4617-8cc5-e65a1a9d490e.yml
2019-11-20 23:09:54: Located 0f4c3c67-845e-49a0-927e-90ed33c044e0.yml
2019-11-20 23:09:54: Located 1a98b8e6-18ce-4617-8cc5-e65a1a9d490e.yml
2019-11-20 23:15:07: Located 0f4c3c67-845e-49a0-927e-90ed33c044e0.yml
2019-11-20 23:15:07: Located 1a98b8e6-18ce-4617-8cc5-e65a1a9d490e.yml
2019-11-21 10:00:23: Located 0f4c3c67-845e-49a0-927e-90ed33c044e0.yml
2019-11-21 10:00:23: Located 1a98b8e6-18ce-4617-8cc5-e65a1a9d490e.yml
2019-11-21 10:04:04: Located 0f4c3c67-845e-49a0-927e-90ed33c044e0.yml
2019-11-21 10:04:04: Located 1a98b8e6-18ce-4617-8cc5-e65a1a9d490e.yml
2019-11-21 10:07:38: Located 0f4c3c67-845e-49a0-927e-90ed33c044e0.yml
2019-11-21 10:07:38: Located 1a98b8e6-18ce-4617-8cc5-e65a1a9d490e.yml
2019-11-21 10:12:11: Located 0f4c3c67-845e-49a0-927e-90ed33c044e0.yml
2019-11-21 10:12:11: Located 1a98b8e6-18ce-4617-8cc5-e65a1a9d490e.yml
2019-11-21 10:13:33: Located 0f4c3c67-845e-49a0-927e-90ed33c044e0.yml
2019-11-21 10:13:33: Located 1a98b8e6-18ce-4617-8cc5-e65a1a9d490e.yml
2019-11-21 10:14:30: Located 0f4c3c67-845e-49a0-927e-90ed33c044e0.yml
2019-11-21 10:14:30: Located 1a98b8e6-18ce-4617-8cc5-e65a1a9d490e.yml
2019-11-21 10:48:54: Located 0f4c3c67-845e-49a0-927e-90ed33c044e0.yml
2019-11-21 10:48:54: Located 1a98b8e6-18ce-4617-8cc5-e65a1a9d490e.yml
2019-11-21 10:49:52: Located 0f4c3c67-845e-49a0-927e-90ed33c044e0.yml
2019-11-21 10:49:52: Located 1a98b8e6-18ce-4617-8cc5-e65a1a9d490e.yml
2019-11-21 11:15:13: Located 0f4c3c67-845e-49a0-927e-90ed33c044e0.yml
2019-11-21 11:15:13: Located 1a98b8e6-18ce-4617-8cc5-e65a1a9d490e.yml
2019-11-21 11:46:29: Located 0f4c3c67-845e-49a0-927e-90ed33c044e0.yml
2019-11-21 11:46:29: Located 1a98b8e6-18ce-4617-8cc5-e65a1a9d490e.yml
2019-11-21 11:54:39: Located 0f4c3c67-845e-49a0-927e-90ed33c044e0.yml
2019-11-21 11:54:39: Located 1a98b8e6-18ce-4617-8cc5-e65a1a9d490e.yml
2019-11-21 11:56:55: Located 0f4c3c67-845e-49a0-927e-90ed33c044e0.yml
2019-11-21 11:56:55: Located 1a98b8e6-18ce-4617-8cc5-e65a1a9d490e.yml
2019-11-21 12:06:54: Located 0f4c3c67-845e-49a0-927e-90ed33c044e0.yml
2019-11-21 12:06:54: Located 1a98b8e6-18ce-4617-8cc5-e65a1a9d490e.yml
2019-11-21 12:15:54: Located 0f4c3c67-845e-49a0-927e-90ed33c044e0.yml
2019-11-21 12:15:54: Located 1a98b8e6-18ce-4617-8cc5-e65a1a9d490e.yml
2019-11-21 12:18:44: Located 0f4c3c67-845e-49a0-927e-90ed33c044e0.yml
2019-11-21 12:18:44: Located 1a98b8e6-18ce-4617-8cc5-e65a1a9d490e.yml
2019-11-21 12:27:50: Located 0f4c3c67-845e-49a0-927e-90ed33c044e0.yml
2019-11-21 12:27:50: Located 1a98b8e6-18ce-4617-8cc5-e65a1a9d490e.yml
2019-11-21 12:28:21: Located 0f4c3c67-845e-49a0-927e-90ed33c044e0.yml
2019-11-21 12:28:21: Located 1a98b8e6-18ce-4617-8cc5-e65a1a9d490e.yml
2019-11-21 14:35:52: Located 0f4c3c67-845e-49a0-927e-90ed33c044e0.yml
2019-11-21 14:35:52: Located 1a98b8e6-18ce-4617-8cc5-e65a1a9d490e.yml
2019-11-21 14:37:53: Located 0f4c3c67-845e-49a0-927e-90ed33c044e0.yml
2019-11-21 14:37:53: Located 1a98b8e6-18ce-4617-8cc5-e65a1a9d490e.yml
2019-11-21 15:24:52: Located 0f4c3c67-845e-49a0-927e-90ed33c044e0.yml
2019-11-21 15:24:52: Located 1a98b8e6-18ce-4617-8cc5-e65a1a9d490e.yml
2019-12-03 11:09:14: Located 0f4c3c67-845e-49a0-927e-90ed33c044e0.yml
2019-12-03 11:09:14: Located 1a98b8e6-18ce-4617-8cc5-e65a1a9d490e.yml
2019-12-03 12:05:51: Located 0f4c3c67-845e-49a0-927e-90ed33c044e0.yml
2019-12-03 12:05:51: Located 1a98b8e6-18ce-4617-8cc5-e65a1a9d490e.yml
2019-12-05 11:09:40: Located 0f4c3c67-845e-49a0-927e-90ed33c044e0.yml
2019-12-05 11:09:40: Located 1a98b8e6-18ce-4617-8cc5-e65a1a9d490e.yml
2019-12-05 11:10:36: Located 0f4c3c67-845e-49a0-927e-90ed33c044e0.yml
2019-12-05 11:10:36: Located 1a98b8e6-18ce-4617-8cc5-e65a1a9d490e.yml
2019-12-05 11:11:32: Located 0f4c3c67-845e-49a0-927e-90ed33c044e0.yml
2019-12-05 11:11:32: Located 1a98b8e6-18ce-4617-8cc5-e65a1a9d490e.yml
2019-12-05 11:14:57: Located 0f4c3c67-845e-49a0-927e-90ed33c044e0.yml
2019-12-05 11:14:57: Located 1a98b8e6-18ce-4617-8cc5-e65a1a9d490e.yml
2019-12-05 11:19:46: Located 0f4c3c67-845e-49a0-927e-90ed33c044e0.yml
2019-12-05 11:19:46: Located 1a98b8e6-18ce-4617-8cc5-e65a1a9d490e.yml
2019-12-05 11:25:01: Located 0f4c3c67-845e-49a0-927e-90ed33c044e0.yml
2019-12-05 11:25:01: Located 1a98b8e6-18ce-4617-8cc5-e65a1a9d490e.yml
2019-12-05 11:35:05: Located 0f4c3c67-845e-49a0-927e-90ed33c044e0.yml
2019-12-05 11:35:05: Located 1a98b8e6-18ce-4617-8cc5-e65a1a9d490e.yml
2019-12-05 17:23:58: Located 0f4c3c67-845e-49a0-927e-90ed33c044e0.yml
2019-12-05 17:23:58: Located 1a98b8e6-18ce-4617-8cc5-e65a1a9d490e.yml
2019-12-06 11:22:34: Located 0f4c3c67-845e-49a0-927e-90ed33c044e0.yml
2019-12-06 11:22:34: Located 1a98b8e6-18ce-4617-8cc5-e65a1a9d490e.yml
2019-12-06 11:26:06: Located 0f4c3c67-845e-49a0-927e-90ed33c044e0.yml
2019-12-06 11:26:06: Located 1a98b8e6-18ce-4617-8cc5-e65a1a9d490e.yml
2019-12-06 12:18:36: Located 0f4c3c67-845e-49a0-927e-90ed33c044e0.yml
2019-12-06 12:18:36: Located 1a98b8e6-18ce-4617-8cc5-e65a1a9d490e.yml
2019-12-06 12:18:39: Located sandcat.go-linux
2019-12-06 12:19:44: Located user.txt
2019-12-06 12:21:54: Located 0f4c3c67-845e-49a0-927e-90ed33c044e0.yml
2019-12-06 12:21:54: Located 1a98b8e6-18ce-4617-8cc5-e65a1a9d490e.yml
2019-12-06 12:21:56: Located sandcat.go-linux
2019-12-06 12:23:08: Located rockyou.txt
2019-12-06 12:24:16: Located sandcat.go-linux
2019-12-06 12:25:51: Located 0f4c3c67-845e-49a0-927e-90ed33c044e0.yml
2019-12-06 12:25:51: Located 1a98b8e6-18ce-4617-8cc5-e65a1a9d490e.yml
2019-12-06 12:26:33: Located sandcat.go-linux
2019-12-06 12:29:00: Located 0f4c3c67-845e-49a0-927e-90ed33c044e0.yml
2019-12-06 12:29:00: Located 1a98b8e6-18ce-4617-8cc5-e65a1a9d490e.yml
2019-12-06 12:29:05: Located sandcat.go-linux
2019-12-06 12:30:05: Located 0f4c3c67-845e-49a0-927e-90ed33c044e0.yml
2019-12-06 12:30:05: Located 1a98b8e6-18ce-4617-8cc5-e65a1a9d490e.yml
2019-12-06 12:30:08: Located sandcat.go-linux
2019-12-06 12:32:22: Located sandcat.go-linux
2019-12-06 12:47:07: Located 0f4c3c67-845e-49a0-927e-90ed33c044e0.yml
2019-12-06 12:47:07: Located 1a98b8e6-18ce-4617-8cc5-e65a1a9d490e.yml
2019-12-06 12:47:09: Located sandcat.go-linux
2019-12-06 12:48:28: Located sandcat.go-linux
